{"C:\\Users\\prina\\Temp\\caseStudyAPI\\src\\data-source.ts": {"path":"C:\\Users\\prina\\Temp\\caseStudyAPI\\src\\data-source.ts","statementMap":{"0":{"start":{"line":1,"column":0},"end":{"line":1,"column":26}},"1":{"start":{"line":2,"column":0},"end":{"line":2,"column":37}},"2":{"start":{"line":3,"column":0},"end":{"line":3,"column":37}},"3":{"start":{"line":4,"column":0},"end":{"line":4,"column":37}},"4":{"start":{"line":5,"column":0},"end":{"line":5,"column":33}},"5":{"start":{"line":6,"column":0},"end":{"line":6,"column":53}},"6":{"start":{"line":8,"column":16},"end":{"line":8,"column":63}},"7":{"start":{"line":9,"column":0},"end":{"line":9,"column":33}},"8":{"start":{"line":11,"column":13},"end":{"line":21,"column":3}}},"fnMap":{},"branchMap":{"0":{"loc":{"start":{"line":8,"column":24},"end":{"line":8,"column":61}},"type":"binary-expr","locations":[{"start":{"line":8,"column":24},"end":{"line":8,"column":44}},{"start":{"line":8,"column":48},"end":{"line":8,"column":61}}]}},"s":{"0":3,"1":3,"2":3,"3":3,"4":3,"5":3,"6":3,"7":3,"8":3},"f":{},"b":{"0":[3,0]}}
,"C:\\Users\\prina\\Temp\\caseStudyAPI\\src\\controllers\\LeaveController.ts": {"path":"C:\\Users\\prina\\Temp\\caseStudyAPI\\src\\controllers\\LeaveController.ts","statementMap":{"0":{"start":{"line":2,"column":0},"end":{"line":2,"column":47}},"1":{"start":{"line":3,"column":0},"end":{"line":3,"column":38}},"2":{"start":{"line":5,"column":0},"end":{"line":5,"column":60}},"3":{"start":{"line":6,"column":0},"end":{"line":6,"column":48}},"4":{"start":{"line":7,"column":0},"end":{"line":7,"column":52}},"5":{"start":{"line":8,"column":0},"end":{"line":8,"column":54}},"6":{"start":{"line":11,"column":0},"end":{"line":11,"column":13}},"7":{"start":{"line":22,"column":2},"end":{"line":22,"column":null}},"8":{"start":{"line":27,"column":9},"end":{"line":41,"column":4}},"9":{"start":{"line":28,"column":4},"end":{"line":28,"column":24}},"10":{"start":{"line":29,"column":4},"end":{"line":29,"column":28}},"11":{"start":{"line":31,"column":6},"end":{"line":31,"column":75}},"12":{"start":{"line":32,"column":4},"end":{"line":40,"column":5}},"13":{"start":{"line":33,"column":6},"end":{"line":33,"column":28}},"14":{"start":{"line":35,"column":6},"end":{"line":39,"column":8}},"15":{"start":{"line":44,"column":9},"end":{"line":84,"column":4}},"16":{"start":{"line":44,"column":52},"end":{"line":84,"column":4}},"17":{"start":{"line":45,"column":10},"end":{"line":45,"column":53}},"18":{"start":{"line":46,"column":10},"end":{"line":46,"column":47}},"19":{"start":{"line":51,"column":8},"end":{"line":51,"column":23}},"20":{"start":{"line":53,"column":22},"end":{"line":55,"column":9}},"21":{"start":{"line":53,"column":6},"end":{"line":55,"column":9}},"22":{"start":{"line":56,"column":15},"end":{"line":56,"column":30}},"23":{"start":{"line":58,"column":22},"end":{"line":61,"column":9}},"24":{"start":{"line":58,"column":6},"end":{"line":61,"column":9}},"25":{"start":{"line":64,"column":6},"end":{"line":68,"column":8}},"26":{"start":{"line":69,"column":6},"end":{"line":69,"column":13}},"27":{"start":{"line":73,"column":4},"end":{"line":80,"column":5}},"28":{"start":{"line":74,"column":6},"end":{"line":78,"column":8}},"29":{"start":{"line":79,"column":6},"end":{"line":79,"column":13}},"30":{"start":{"line":83,"column":4},"end":{"line":83,"column":76}},"31":{"start":{"line":87,"column":9},"end":{"line":131,"column":4}},"32":{"start":{"line":87,"column":52},"end":{"line":131,"column":4}},"33":{"start":{"line":88,"column":10},"end":{"line":88,"column":27}},"34":{"start":{"line":89,"column":18},"end":{"line":92,"column":null}},"35":{"start":{"line":89,"column":10},"end":{"line":92,"column":null}},"36":{"start":{"line":95,"column":10},"end":{"line":95,"column":61}},"37":{"start":{"line":96,"column":10},"end":{"line":96,"column":30}},"38":{"start":{"line":97,"column":17},"end":{"line":100,"column":null}},"39":{"start":{"line":97,"column":10},"end":{"line":100,"column":null}},"40":{"start":{"line":103,"column":4},"end":{"line":130,"column":5}},"41":{"start":{"line":107,"column":10},"end":{"line":107,"column":28}},"42":{"start":{"line":109,"column":6},"end":{"line":109,"column":37}},"43":{"start":{"line":110,"column":6},"end":{"line":110,"column":29}},"44":{"start":{"line":112,"column":6},"end":{"line":121,"column":7}},"45":{"start":{"line":113,"column":14},"end":{"line":117,"column":10}},"46":{"start":{"line":119,"column":14},"end":{"line":119,"column":71}},"47":{"start":{"line":120,"column":8},"end":{"line":120,"column":48}},"48":{"start":{"line":123,"column":6},"end":{"line":123,"column":76}},"49":{"start":{"line":125,"column":6},"end":{"line":129,"column":8}},"50":{"start":{"line":134,"column":9},"end":{"line":143,"column":4}},"51":{"start":{"line":134,"column":53},"end":{"line":143,"column":4}},"52":{"start":{"line":136,"column":19},"end":{"line":139,"column":null}},"53":{"start":{"line":136,"column":10},"end":{"line":139,"column":null}},"54":{"start":{"line":142,"column":4},"end":{"line":142,"column":53}},"55":{"start":{"line":146,"column":9},"end":{"line":218,"column":4}},"56":{"start":{"line":146,"column":52},"end":{"line":218,"column":4}},"57":{"start":{"line":148,"column":12},"end":{"line":148,"column":49}},"58":{"start":{"line":149,"column":12},"end":{"line":149,"column":56}},"59":{"start":{"line":152,"column":6},"end":{"line":159,"column":7}},"60":{"start":{"line":153,"column":8},"end":{"line":157,"column":10}},"61":{"start":{"line":158,"column":8},"end":{"line":158,"column":15}},"62":{"start":{"line":162,"column":23},"end":{"line":164,"column":null}},"63":{"start":{"line":162,"column":12},"end":{"line":164,"column":null}},"64":{"start":{"line":166,"column":6},"end":{"line":173,"column":7}},"65":{"start":{"line":167,"column":8},"end":{"line":171,"column":10}},"66":{"start":{"line":172,"column":8},"end":{"line":172,"column":15}},"67":{"start":{"line":176,"column":12},"end":{"line":176,"column":68}},"68":{"start":{"line":179,"column":6},"end":{"line":186,"column":7}},"69":{"start":{"line":180,"column":8},"end":{"line":184,"column":10}},"70":{"start":{"line":185,"column":8},"end":{"line":185,"column":15}},"71":{"start":{"line":189,"column":12},"end":{"line":189,"column":46}},"72":{"start":{"line":190,"column":6},"end":{"line":190,"column":35}},"73":{"start":{"line":191,"column":6},"end":{"line":191,"column":41}},"74":{"start":{"line":192,"column":6},"end":{"line":192,"column":37}},"75":{"start":{"line":193,"column":6},"end":{"line":193,"column":41}},"76":{"start":{"line":194,"column":6},"end":{"line":194,"column":39}},"77":{"start":{"line":195,"column":6},"end":{"line":195,"column":42}},"78":{"start":{"line":198,"column":6},"end":{"line":198,"column":45}},"79":{"start":{"line":199,"column":6},"end":{"line":199,"column":47}},"80":{"start":{"line":202,"column":32},"end":{"line":202,"column":null}},"81":{"start":{"line":202,"column":12},"end":{"line":202,"column":null}},"82":{"start":{"line":205,"column":6},"end":{"line":209,"column":8}},"83":{"start":{"line":212,"column":6},"end":{"line":216,"column":8}},"84":{"start":{"line":220,"column":9},"end":{"line":285,"column":4}},"85":{"start":{"line":220,"column":52},"end":{"line":285,"column":4}},"86":{"start":{"line":221,"column":10},"end":{"line":221,"column":29}},"87":{"start":{"line":222,"column":4},"end":{"line":229,"column":5}},"88":{"start":{"line":223,"column":6},"end":{"line":227,"column":8}},"89":{"start":{"line":228,"column":6},"end":{"line":228,"column":13}},"90":{"start":{"line":232,"column":25},"end":{"line":235,"column":null}},"91":{"start":{"line":232,"column":10},"end":{"line":235,"column":null}},"92":{"start":{"line":237,"column":4},"end":{"line":244,"column":5}},"93":{"start":{"line":238,"column":6},"end":{"line":242,"column":8}},"94":{"start":{"line":243,"column":6},"end":{"line":243,"column":13}},"95":{"start":{"line":247,"column":4},"end":{"line":254,"column":5}},"96":{"start":{"line":248,"column":6},"end":{"line":252,"column":8}},"97":{"start":{"line":253,"column":6},"end":{"line":253,"column":13}},"98":{"start":{"line":257,"column":10},"end":{"line":261,"column":6}},"99":{"start":{"line":262,"column":4},"end":{"line":265,"column":5}},"100":{"start":{"line":264,"column":6},"end":{"line":264,"column":13}},"101":{"start":{"line":267,"column":4},"end":{"line":267,"column":52}},"102":{"start":{"line":268,"column":4},"end":{"line":268,"column":54}},"103":{"start":{"line":270,"column":19},"end":{"line":270,"column":null}},"104":{"start":{"line":270,"column":10},"end":{"line":270,"column":null}},"105":{"start":{"line":271,"column":4},"end":{"line":278,"column":5}},"106":{"start":{"line":272,"column":6},"end":{"line":276,"column":8}},"107":{"start":{"line":277,"column":6},"end":{"line":277,"column":13}},"108":{"start":{"line":280,"column":4},"end":{"line":284,"column":6}},"109":{"start":{"line":23,"column":4},"end":{"line":23,"column":69}},"110":{"start":{"line":24,"column":4},"end":{"line":24,"column":60}},"111":{"start":{"line":12,"column":25},"end":{"line":12,"column":54}},"112":{"start":{"line":13,"column":25},"end":{"line":13,"column":null}},"113":{"start":{"line":15,"column":25},"end":{"line":15,"column":46}},"114":{"start":{"line":16,"column":25},"end":{"line":16,"column":null}},"115":{"start":{"line":286,"column":0},"end":{"line":286,"column":null}},"116":{"start":{"line":11,"column":13},"end":{"line":11,"column":28}}},"fnMap":{"0":{"name":"(anonymous_13)","decl":{"start":{"line":11,"column":0},"end":{"line":11,"column":13}},"loc":{"start":{"line":11,"column":0},"end":{"line":11,"column":13}}},"1":{"name":"LeaveController","decl":{"start":{"line":22,"column":2},"end":{"line":22,"column":null}},"loc":{"start":{"line":22,"column":2},"end":{"line":25,"column":3}}},"2":{"name":"(anonymous_15)","decl":{"start":{"line":27,"column":20},"end":{"line":27,"column":21}},"loc":{"start":{"line":27,"column":36},"end":{"line":41,"column":3}}},"3":{"name":"(anonymous_16)","decl":{"start":{"line":44,"column":18},"end":{"line":44,"column":25}},"loc":{"start":{"line":44,"column":52},"end":{"line":84,"column":4}}},"4":{"name":"(anonymous_17)","decl":{"start":{"line":44,"column":52},"end":{"line":44,"column":null}},"loc":{"start":{"line":44,"column":52},"end":{"line":84,"column":4}}},"5":{"name":"(anonymous_19)","decl":{"start":{"line":87,"column":18},"end":{"line":87,"column":25}},"loc":{"start":{"line":87,"column":52},"end":{"line":131,"column":4}}},"6":{"name":"(anonymous_20)","decl":{"start":{"line":87,"column":52},"end":{"line":87,"column":null}},"loc":{"start":{"line":87,"column":52},"end":{"line":131,"column":4}}},"7":{"name":"(anonymous_22)","decl":{"start":{"line":134,"column":19},"end":{"line":134,"column":26}},"loc":{"start":{"line":134,"column":53},"end":{"line":143,"column":4}}},"8":{"name":"(anonymous_23)","decl":{"start":{"line":134,"column":53},"end":{"line":134,"column":null}},"loc":{"start":{"line":134,"column":53},"end":{"line":143,"column":4}}},"9":{"name":"(anonymous_25)","decl":{"start":{"line":146,"column":18},"end":{"line":146,"column":25}},"loc":{"start":{"line":146,"column":52},"end":{"line":218,"column":4}}},"10":{"name":"(anonymous_26)","decl":{"start":{"line":146,"column":52},"end":{"line":146,"column":null}},"loc":{"start":{"line":146,"column":52},"end":{"line":218,"column":4}}},"11":{"name":"(anonymous_28)","decl":{"start":{"line":220,"column":18},"end":{"line":220,"column":25}},"loc":{"start":{"line":220,"column":52},"end":{"line":285,"column":4}}},"12":{"name":"(anonymous_29)","decl":{"start":{"line":220,"column":52},"end":{"line":220,"column":null}},"loc":{"start":{"line":220,"column":52},"end":{"line":285,"column":4}}}},"branchMap":{"0":{"loc":{"start":{"line":32,"column":4},"end":{"line":40,"column":5}},"type":"if","locations":[{"start":{"line":32,"column":4},"end":{"line":40,"column":5}},{"start":{"line":34,"column":11},"end":{"line":40,"column":5}}]},"1":{"loc":{"start":{"line":51,"column":8},"end":{"line":51,"column":23}},"type":"if","locations":[{"start":{"line":51,"column":8},"end":{"line":51,"column":23}}]},"2":{"loc":{"start":{"line":56,"column":15},"end":{"line":56,"column":30}},"type":"if","locations":[{"start":{"line":56,"column":15},"end":{"line":56,"column":30}}]},"3":{"loc":{"start":{"line":73,"column":4},"end":{"line":80,"column":5}},"type":"if","locations":[{"start":{"line":73,"column":4},"end":{"line":80,"column":5}}]},"4":{"loc":{"start":{"line":73,"column":8},"end":{"line":73,"column":52}},"type":"binary-expr","locations":[{"start":{"line":73,"column":8},"end":{"line":73,"column":22}},{"start":{"line":73,"column":26},"end":{"line":73,"column":52}}]},"5":{"loc":{"start":{"line":103,"column":4},"end":{"line":130,"column":5}},"type":"if","locations":[{"start":{"line":103,"column":4},"end":{"line":130,"column":5}},{"start":{"line":124,"column":11},"end":{"line":130,"column":5}}]},"6":{"loc":{"start":{"line":104,"column":6},"end":{"line":105,"column":47}},"type":"binary-expr","locations":[{"start":{"line":104,"column":6},"end":{"line":104,"column":36}},{"start":{"line":105,"column":6},"end":{"line":105,"column":47}}]},"7":{"loc":{"start":{"line":105,"column":6},"end":{"line":105,"column":22}},"type":"cond-expr","locations":[{"start":{"line":105,"column":18},"end":{"line":105,"column":20}},{"start":{"line":105,"column":18},"end":{"line":105,"column":22}}]},"8":{"loc":{"start":{"line":105,"column":6},"end":{"line":105,"column":20}},"type":"binary-expr","locations":[{"start":{"line":105,"column":6},"end":{"line":105,"column":20}},{"start":{"line":105,"column":18},"end":{"line":105,"column":20}}]},"9":{"loc":{"start":{"line":112,"column":6},"end":{"line":121,"column":7}},"type":"if","locations":[{"start":{"line":112,"column":6},"end":{"line":121,"column":7}}]},"10":{"loc":{"start":{"line":136,"column":19},"end":{"line":139,"column":null}},"type":"switch","locations":[{"start":{"line":136,"column":19},"end":{"line":139,"column":null}}]},"11":{"loc":{"start":{"line":152,"column":6},"end":{"line":159,"column":7}},"type":"if","locations":[{"start":{"line":152,"column":6},"end":{"line":159,"column":7}}]},"12":{"loc":{"start":{"line":152,"column":10},"end":{"line":152,"column":40}},"type":"binary-expr","locations":[{"start":{"line":152,"column":10},"end":{"line":152,"column":14}},{"start":{"line":152,"column":18},"end":{"line":152,"column":28}},{"start":{"line":152,"column":32},"end":{"line":152,"column":40}}]},"13":{"loc":{"start":{"line":166,"column":6},"end":{"line":173,"column":7}},"type":"if","locations":[{"start":{"line":166,"column":6},"end":{"line":173,"column":7}}]},"14":{"loc":{"start":{"line":179,"column":6},"end":{"line":186,"column":7}},"type":"if","locations":[{"start":{"line":179,"column":6},"end":{"line":186,"column":7}}]},"15":{"loc":{"start":{"line":193,"column":28},"end":{"line":193,"column":40}},"type":"binary-expr","locations":[{"start":{"line":193,"column":28},"end":{"line":193,"column":34}},{"start":{"line":193,"column":38},"end":{"line":193,"column":40}}]},"16":{"loc":{"start":{"line":194,"column":26},"end":{"line":194,"column":38}},"type":"binary-expr","locations":[{"start":{"line":194,"column":26},"end":{"line":194,"column":30}},{"start":{"line":194,"column":34},"end":{"line":194,"column":38}}]},"17":{"loc":{"start":{"line":222,"column":4},"end":{"line":229,"column":5}},"type":"if","locations":[{"start":{"line":222,"column":4},"end":{"line":229,"column":5}}]},"18":{"loc":{"start":{"line":237,"column":4},"end":{"line":244,"column":5}},"type":"if","locations":[{"start":{"line":237,"column":4},"end":{"line":244,"column":5}}]},"19":{"loc":{"start":{"line":247,"column":4},"end":{"line":254,"column":5}},"type":"if","locations":[{"start":{"line":247,"column":4},"end":{"line":254,"column":5}}]},"20":{"loc":{"start":{"line":262,"column":4},"end":{"line":265,"column":5}},"type":"if","locations":[{"start":{"line":262,"column":4},"end":{"line":265,"column":5}}]},"21":{"loc":{"start":{"line":262,"column":8},"end":{"line":262,"column":67}},"type":"binary-expr","locations":[{"start":{"line":262,"column":8},"end":{"line":262,"column":42}},{"start":{"line":262,"column":46},"end":{"line":262,"column":67}}]},"22":{"loc":{"start":{"line":271,"column":4},"end":{"line":278,"column":5}},"type":"if","locations":[{"start":{"line":271,"column":4},"end":{"line":278,"column":5}}]}},"s":{"0":1,"1":1,"2":1,"3":1,"4":1,"5":1,"6":1,"7":3,"8":3,"9":0,"10":0,"11":0,"12":0,"13":0,"14":0,"15":3,"16":2,"17":2,"18":2,"19":2,"20":2,"21":2,"22":0,"23":0,"24":0,"25":0,"26":0,"27":2,"28":1,"29":1,"30":1,"31":3,"32":0,"33":0,"34":0,"35":0,"36":0,"37":0,"38":0,"39":0,"40":0,"41":0,"42":0,"43":0,"44":0,"45":0,"46":0,"47":0,"48":0,"49":0,"50":3,"51":1,"52":1,"53":1,"54":1,"55":3,"56":0,"57":0,"58":0,"59":0,"60":0,"61":0,"62":0,"63":0,"64":0,"65":0,"66":0,"67":0,"68":0,"69":0,"70":0,"71":0,"72":0,"73":0,"74":0,"75":0,"76":0,"77":0,"78":0,"79":0,"80":0,"81":0,"82":0,"83":0,"84":3,"85":0,"86":0,"87":0,"88":0,"89":0,"90":0,"91":0,"92":0,"93":0,"94":0,"95":0,"96":0,"97":0,"98":0,"99":0,"100":0,"101":0,"102":0,"103":0,"104":0,"105":0,"106":0,"107":0,"108":0,"109":3,"110":3,"111":1,"112":1,"113":1,"114":1,"115":1,"116":1},"f":{"0":1,"1":3,"2":0,"3":2,"4":2,"5":0,"6":0,"7":1,"8":1,"9":0,"10":0,"11":0,"12":0},"b":{"0":[0,0],"1":[0],"2":[0],"3":[1],"4":[2,2],"5":[0,0],"6":[0,0],"7":[0,0],"8":[0,0],"9":[0],"10":[1],"11":[0],"12":[0,0,0],"13":[0],"14":[0],"15":[0,0],"16":[0,0],"17":[0],"18":[0],"19":[0],"20":[0],"21":[0,0],"22":[0]}}
,"C:\\Users\\prina\\Temp\\caseStudyAPI\\src\\controllers\\RoleController.ts": {"path":"C:\\Users\\prina\\Temp\\caseStudyAPI\\src\\controllers\\RoleController.ts","statementMap":{"0":{"start":{"line":2,"column":0},"end":{"line":2,"column":47}},"1":{"start":{"line":3,"column":0},"end":{"line":3,"column":38}},"2":{"start":{"line":5,"column":0},"end":{"line":5,"column":48}},"3":{"start":{"line":6,"column":0},"end":{"line":6,"column":60}},"4":{"start":{"line":7,"column":0},"end":{"line":7,"column":43}},"5":{"start":{"line":8,"column":0},"end":{"line":8,"column":46}},"6":{"start":{"line":11,"column":0},"end":{"line":11,"column":13}},"7":{"start":{"line":27,"column":2},"end":{"line":27,"column":null}},"8":{"start":{"line":32,"column":9},"end":{"line":41,"column":4}},"9":{"start":{"line":32,"column":52},"end":{"line":41,"column":4}},"10":{"start":{"line":33,"column":18},"end":{"line":33,"column":null}},"11":{"start":{"line":33,"column":10},"end":{"line":33,"column":null}},"12":{"start":{"line":35,"column":4},"end":{"line":38,"column":5}},"13":{"start":{"line":36,"column":6},"end":{"line":36,"column":69}},"14":{"start":{"line":37,"column":6},"end":{"line":37,"column":13}},"15":{"start":{"line":40,"column":4},"end":{"line":40,"column":52}},"16":{"start":{"line":44,"column":9},"end":{"line":67,"column":4}},"17":{"start":{"line":44,"column":53},"end":{"line":67,"column":4}},"18":{"start":{"line":45,"column":10},"end":{"line":45,"column":39}},"19":{"start":{"line":47,"column":4},"end":{"line":54,"column":5}},"20":{"start":{"line":48,"column":6},"end":{"line":52,"column":8}},"21":{"start":{"line":53,"column":6},"end":{"line":53,"column":13}},"22":{"start":{"line":56,"column":17},"end":{"line":56,"column":null}},"23":{"start":{"line":56,"column":10},"end":{"line":56,"column":null}},"24":{"start":{"line":57,"column":4},"end":{"line":64,"column":5}},"25":{"start":{"line":58,"column":6},"end":{"line":62,"column":8}},"26":{"start":{"line":63,"column":6},"end":{"line":63,"column":13}},"27":{"start":{"line":66,"column":4},"end":{"line":66,"column":51}},"28":{"start":{"line":69,"column":9},"end":{"line":86,"column":4}},"29":{"start":{"line":69,"column":52},"end":{"line":86,"column":4}},"30":{"start":{"line":70,"column":8},"end":{"line":70,"column":26}},"31":{"start":{"line":72,"column":4},"end":{"line":72,"column":30}},"32":{"start":{"line":73,"column":19},"end":{"line":73,"column":null}},"33":{"start":{"line":73,"column":10},"end":{"line":73,"column":null}},"34":{"start":{"line":74,"column":4},"end":{"line":81,"column":5}},"35":{"start":{"line":75,"column":6},"end":{"line":80,"column":8}},"36":{"start":{"line":77,"column":22},"end":{"line":77,"column":57}},"37":{"start":{"line":84,"column":11},"end":{"line":84,"column":48}},"38":{"start":{"line":84,"column":4},"end":{"line":84,"column":48}},"39":{"start":{"line":85,"column":4},"end":{"line":85,"column":72}},"40":{"start":{"line":88,"column":9},"end":{"line":100,"column":4}},"41":{"start":{"line":88,"column":52},"end":{"line":100,"column":4}},"42":{"start":{"line":89,"column":10},"end":{"line":89,"column":29}},"43":{"start":{"line":91,"column":4},"end":{"line":93,"column":5}},"44":{"start":{"line":92,"column":6},"end":{"line":92,"column":62}},"45":{"start":{"line":94,"column":19},"end":{"line":94,"column":null}},"46":{"start":{"line":94,"column":10},"end":{"line":94,"column":null}},"47":{"start":{"line":95,"column":4},"end":{"line":97,"column":5}},"48":{"start":{"line":96,"column":6},"end":{"line":96,"column":75}},"49":{"start":{"line":99,"column":4},"end":{"line":99,"column":61}},"50":{"start":{"line":102,"column":9},"end":{"line":126,"column":4}},"51":{"start":{"line":102,"column":52},"end":{"line":126,"column":4}},"52":{"start":{"line":103,"column":10},"end":{"line":103,"column":27}},"53":{"start":{"line":105,"column":4},"end":{"line":107,"column":5}},"54":{"start":{"line":106,"column":6},"end":{"line":106,"column":62}},"55":{"start":{"line":108,"column":15},"end":{"line":108,"column":null}},"56":{"start":{"line":108,"column":8},"end":{"line":108,"column":null}},"57":{"start":{"line":109,"column":4},"end":{"line":111,"column":5}},"58":{"start":{"line":110,"column":6},"end":{"line":110,"column":62}},"59":{"start":{"line":113,"column":4},"end":{"line":113,"column":30}},"60":{"start":{"line":114,"column":19},"end":{"line":114,"column":null}},"61":{"start":{"line":114,"column":10},"end":{"line":114,"column":null}},"62":{"start":{"line":115,"column":4},"end":{"line":122,"column":5}},"63":{"start":{"line":116,"column":6},"end":{"line":121,"column":8}},"64":{"start":{"line":118,"column":22},"end":{"line":118,"column":57}},"65":{"start":{"line":123,"column":11},"end":{"line":123,"column":48}},"66":{"start":{"line":123,"column":4},"end":{"line":123,"column":48}},"67":{"start":{"line":125,"column":4},"end":{"line":125,"column":51}},"68":{"start":{"line":28,"column":4},"end":{"line":28,"column":60}},"69":{"start":{"line":12,"column":25},"end":{"line":12,"column":48}},"70":{"start":{"line":13,"column":25},"end":{"line":13,"column":51}},"71":{"start":{"line":14,"column":25},"end":{"line":14,"column":48}},"72":{"start":{"line":15,"column":25},"end":{"line":15,"column":56}},"73":{"start":{"line":16,"column":4},"end":{"line":16,"column":36}},"74":{"start":{"line":17,"column":25},"end":{"line":17,"column":47}},"75":{"start":{"line":18,"column":25},"end":{"line":18,"column":null}},"76":{"start":{"line":20,"column":25},"end":{"line":20,"column":null}},"77":{"start":{"line":22,"column":25},"end":{"line":22,"column":null}},"78":{"start":{"line":127,"column":0},"end":{"line":127,"column":null}},"79":{"start":{"line":11,"column":13},"end":{"line":11,"column":27}}},"fnMap":{"0":{"name":"(anonymous_13)","decl":{"start":{"line":11,"column":0},"end":{"line":11,"column":13}},"loc":{"start":{"line":11,"column":0},"end":{"line":11,"column":13}}},"1":{"name":"RoleController","decl":{"start":{"line":27,"column":2},"end":{"line":27,"column":null}},"loc":{"start":{"line":27,"column":2},"end":{"line":29,"column":3}}},"2":{"name":"(anonymous_15)","decl":{"start":{"line":32,"column":18},"end":{"line":32,"column":25}},"loc":{"start":{"line":32,"column":52},"end":{"line":41,"column":4}}},"3":{"name":"(anonymous_16)","decl":{"start":{"line":32,"column":52},"end":{"line":32,"column":null}},"loc":{"start":{"line":32,"column":52},"end":{"line":41,"column":4}}},"4":{"name":"(anonymous_18)","decl":{"start":{"line":44,"column":19},"end":{"line":44,"column":26}},"loc":{"start":{"line":44,"column":53},"end":{"line":67,"column":4}}},"5":{"name":"(anonymous_19)","decl":{"start":{"line":44,"column":53},"end":{"line":44,"column":null}},"loc":{"start":{"line":44,"column":53},"end":{"line":67,"column":4}}},"6":{"name":"(anonymous_21)","decl":{"start":{"line":69,"column":18},"end":{"line":69,"column":25}},"loc":{"start":{"line":69,"column":52},"end":{"line":86,"column":4}}},"7":{"name":"(anonymous_22)","decl":{"start":{"line":69,"column":52},"end":{"line":69,"column":null}},"loc":{"start":{"line":69,"column":52},"end":{"line":86,"column":4}}},"8":{"name":"(anonymous_24)","decl":{"start":{"line":77,"column":15},"end":{"line":77,"column":16}},"loc":{"start":{"line":77,"column":17},"end":{"line":77,"column":28}}},"9":{"name":"(anonymous_25)","decl":{"start":{"line":88,"column":18},"end":{"line":88,"column":25}},"loc":{"start":{"line":88,"column":52},"end":{"line":100,"column":4}}},"10":{"name":"(anonymous_26)","decl":{"start":{"line":88,"column":52},"end":{"line":88,"column":null}},"loc":{"start":{"line":88,"column":52},"end":{"line":100,"column":4}}},"11":{"name":"(anonymous_28)","decl":{"start":{"line":102,"column":18},"end":{"line":102,"column":25}},"loc":{"start":{"line":102,"column":52},"end":{"line":126,"column":4}}},"12":{"name":"(anonymous_29)","decl":{"start":{"line":102,"column":52},"end":{"line":102,"column":null}},"loc":{"start":{"line":102,"column":52},"end":{"line":126,"column":4}}},"13":{"name":"(anonymous_31)","decl":{"start":{"line":118,"column":15},"end":{"line":118,"column":16}},"loc":{"start":{"line":118,"column":17},"end":{"line":118,"column":28}}},"14":{"name":"(anonymous_32)","decl":{"start":{"line":15,"column":56},"end":{"line":15,"column":57}},"loc":{"start":{"line":15,"column":67},"end":{"line":16,"column":31}}}},"branchMap":{"0":{"loc":{"start":{"line":33,"column":18},"end":{"line":33,"column":null}},"type":"switch","locations":[{"start":{"line":33,"column":18},"end":{"line":33,"column":null}}]},"1":{"loc":{"start":{"line":35,"column":4},"end":{"line":38,"column":5}},"type":"if","locations":[{"start":{"line":35,"column":4},"end":{"line":38,"column":5}}]},"2":{"loc":{"start":{"line":47,"column":4},"end":{"line":54,"column":5}},"type":"if","locations":[{"start":{"line":47,"column":4},"end":{"line":54,"column":5}}]},"3":{"loc":{"start":{"line":57,"column":4},"end":{"line":64,"column":5}},"type":"if","locations":[{"start":{"line":57,"column":4},"end":{"line":64,"column":5}}]},"4":{"loc":{"start":{"line":74,"column":4},"end":{"line":81,"column":5}},"type":"if","locations":[{"start":{"line":74,"column":4},"end":{"line":81,"column":5}}]},"5":{"loc":{"start":{"line":77,"column":36},"end":{"line":77,"column":55}},"type":"binary-expr","locations":[{"start":{"line":77,"column":36},"end":{"line":77,"column":49}},{"start":{"line":77,"column":53},"end":{"line":77,"column":55}}]},"6":{"loc":{"start":{"line":91,"column":4},"end":{"line":93,"column":5}},"type":"if","locations":[{"start":{"line":91,"column":4},"end":{"line":93,"column":5}}]},"7":{"loc":{"start":{"line":95,"column":4},"end":{"line":97,"column":5}},"type":"if","locations":[{"start":{"line":95,"column":4},"end":{"line":97,"column":5}}]},"8":{"loc":{"start":{"line":105,"column":4},"end":{"line":107,"column":5}},"type":"if","locations":[{"start":{"line":105,"column":4},"end":{"line":107,"column":5}}]},"9":{"loc":{"start":{"line":109,"column":4},"end":{"line":111,"column":5}},"type":"if","locations":[{"start":{"line":109,"column":4},"end":{"line":111,"column":5}}]},"10":{"loc":{"start":{"line":115,"column":4},"end":{"line":122,"column":5}},"type":"if","locations":[{"start":{"line":115,"column":4},"end":{"line":122,"column":5}}]},"11":{"loc":{"start":{"line":118,"column":36},"end":{"line":118,"column":55}},"type":"binary-expr","locations":[{"start":{"line":118,"column":36},"end":{"line":118,"column":49}},{"start":{"line":118,"column":53},"end":{"line":118,"column":55}}]}},"s":{"0":1,"1":1,"2":1,"3":1,"4":1,"5":1,"6":1,"7":19,"8":19,"9":3,"10":3,"11":3,"12":2,"13":1,"14":1,"15":1,"16":19,"17":4,"18":4,"19":4,"20":1,"21":1,"22":3,"23":3,"24":2,"25":1,"26":1,"27":1,"28":19,"29":4,"30":4,"31":4,"32":4,"33":4,"34":4,"35":3,"36":3,"37":1,"38":1,"39":1,"40":19,"41":3,"42":3,"43":3,"44":1,"45":2,"46":2,"47":2,"48":1,"49":1,"50":19,"51":5,"52":5,"53":5,"54":1,"55":4,"56":4,"57":4,"58":2,"59":2,"60":2,"61":2,"62":2,"63":1,"64":1,"65":1,"66":1,"67":1,"68":19,"69":1,"70":1,"71":1,"72":1,"73":2,"74":1,"75":1,"76":1,"77":1,"78":1,"79":1},"f":{"0":1,"1":19,"2":3,"3":3,"4":4,"5":4,"6":4,"7":4,"8":3,"9":3,"10":3,"11":5,"12":5,"13":1,"14":2},"b":{"0":[3],"1":[1],"2":[1],"3":[1],"4":[3],"5":[3,0],"6":[1],"7":[1],"8":[1],"9":[2],"10":[1],"11":[1,0]}}
,"C:\\Users\\prina\\Temp\\caseStudyAPI\\src\\controllers\\StaffLeaveController.ts": {"path":"C:\\Users\\prina\\Temp\\caseStudyAPI\\src\\controllers\\StaffLeaveController.ts","statementMap":{"0":{"start":{"line":2,"column":0},"end":{"line":2,"column":47}},"1":{"start":{"line":3,"column":0},"end":{"line":3,"column":38}},"2":{"start":{"line":5,"column":0},"end":{"line":5,"column":60}},"3":{"start":{"line":6,"column":0},"end":{"line":6,"column":48}},"4":{"start":{"line":8,"column":0},"end":{"line":8,"column":54}},"5":{"start":{"line":11,"column":0},"end":{"line":11,"column":13}},"6":{"start":{"line":33,"column":2},"end":{"line":33,"column":null}},"7":{"start":{"line":38,"column":9},"end":{"line":52,"column":4}},"8":{"start":{"line":39,"column":4},"end":{"line":39,"column":24}},"9":{"start":{"line":40,"column":4},"end":{"line":40,"column":28}},"10":{"start":{"line":42,"column":6},"end":{"line":42,"column":75}},"11":{"start":{"line":43,"column":4},"end":{"line":51,"column":5}},"12":{"start":{"line":44,"column":6},"end":{"line":44,"column":28}},"13":{"start":{"line":46,"column":6},"end":{"line":50,"column":8}},"14":{"start":{"line":55,"column":9},"end":{"line":64,"column":4}},"15":{"start":{"line":55,"column":52},"end":{"line":64,"column":4}},"16":{"start":{"line":57,"column":19},"end":{"line":60,"column":null}},"17":{"start":{"line":57,"column":10},"end":{"line":60,"column":null}},"18":{"start":{"line":63,"column":4},"end":{"line":63,"column":53}},"19":{"start":{"line":66,"column":9},"end":{"line":90,"column":4}},"20":{"start":{"line":66,"column":53},"end":{"line":90,"column":4}},"21":{"start":{"line":67,"column":10},"end":{"line":67,"column":39}},"22":{"start":{"line":68,"column":4},"end":{"line":75,"column":5}},"23":{"start":{"line":69,"column":6},"end":{"line":73,"column":8}},"24":{"start":{"line":74,"column":6},"end":{"line":74,"column":13}},"25":{"start":{"line":77,"column":18},"end":{"line":79,"column":null}},"26":{"start":{"line":77,"column":10},"end":{"line":79,"column":null}},"27":{"start":{"line":80,"column":4},"end":{"line":87,"column":5}},"28":{"start":{"line":81,"column":6},"end":{"line":85,"column":8}},"29":{"start":{"line":86,"column":6},"end":{"line":86,"column":13}},"30":{"start":{"line":89,"column":4},"end":{"line":89,"column":52}},"31":{"start":{"line":93,"column":9},"end":{"line":184,"column":4}},"32":{"start":{"line":93,"column":52},"end":{"line":184,"column":4}},"33":{"start":{"line":94,"column":10},"end":{"line":94,"column":47}},"34":{"start":{"line":97,"column":25},"end":{"line":99,"column":null}},"35":{"start":{"line":97,"column":10},"end":{"line":99,"column":null}},"36":{"start":{"line":101,"column":4},"end":{"line":108,"column":5}},"37":{"start":{"line":102,"column":6},"end":{"line":106,"column":8}},"38":{"start":{"line":107,"column":6},"end":{"line":107,"column":13}},"39":{"start":{"line":110,"column":8},"end":{"line":110,"column":14}},"40":{"start":{"line":111,"column":6},"end":{"line":118,"column":7}},"41":{"start":{"line":112,"column":8},"end":{"line":116,"column":10}},"42":{"start":{"line":117,"column":8},"end":{"line":117,"column":15}},"43":{"start":{"line":119,"column":6},"end":{"line":126,"column":7}},"44":{"start":{"line":120,"column":8},"end":{"line":124,"column":10}},"45":{"start":{"line":125,"column":8},"end":{"line":125,"column":15}},"46":{"start":{"line":129,"column":6},"end":{"line":129,"column":39}},"47":{"start":{"line":130,"column":19},"end":{"line":132,"column":null}},"48":{"start":{"line":130,"column":12},"end":{"line":132,"column":null}},"49":{"start":{"line":133,"column":12},"end":{"line":136,"column":8}},"50":{"start":{"line":137,"column":6},"end":{"line":137,"column":41}},"51":{"start":{"line":138,"column":6},"end":{"line":138,"column":43}},"52":{"start":{"line":139,"column":6},"end":{"line":139,"column":42}},"53":{"start":{"line":140,"column":6},"end":{"line":140,"column":57}},"54":{"start":{"line":141,"column":6},"end":{"line":141,"column":77}},"55":{"start":{"line":142,"column":6},"end":{"line":142,"column":13}},"56":{"start":{"line":144,"column":6},"end":{"line":148,"column":8}},"57":{"start":{"line":152,"column":10},"end":{"line":153,"column":56}},"58":{"start":{"line":154,"column":10},"end":{"line":154,"column":73}},"59":{"start":{"line":156,"column":8},"end":{"line":156,"column":26}},"60":{"start":{"line":158,"column":12},"end":{"line":161,"column":8}},"61":{"start":{"line":162,"column":12},"end":{"line":165,"column":8}},"62":{"start":{"line":168,"column":6},"end":{"line":168,"column":65}},"63":{"start":{"line":168,"column":30},"end":{"line":168,"column":65}},"64":{"start":{"line":169,"column":6},"end":{"line":169,"column":59}},"65":{"start":{"line":169,"column":28},"end":{"line":169,"column":59}},"66":{"start":{"line":172,"column":19},"end":{"line":174,"column":null}},"67":{"start":{"line":172,"column":12},"end":{"line":174,"column":null}},"68":{"start":{"line":175,"column":6},"end":{"line":175,"column":49}},"69":{"start":{"line":176,"column":6},"end":{"line":176,"column":44}},"70":{"start":{"line":177,"column":6},"end":{"line":177,"column":43}},"71":{"start":{"line":179,"column":6},"end":{"line":179,"column":42}},"72":{"start":{"line":180,"column":6},"end":{"line":180,"column":57}},"73":{"start":{"line":182,"column":6},"end":{"line":182,"column":77}},"74":{"start":{"line":198,"column":9},"end":{"line":245,"column":4}},"75":{"start":{"line":198,"column":52},"end":{"line":245,"column":4}},"76":{"start":{"line":199,"column":8},"end":{"line":199,"column":42}},"77":{"start":{"line":202,"column":8},"end":{"line":202,"column":26}},"78":{"start":{"line":203,"column":4},"end":{"line":203,"column":17}},"79":{"start":{"line":203,"column":24},"end":{"line":205,"column":7}},"80":{"start":{"line":203,"column":4},"end":{"line":205,"column":7}},"81":{"start":{"line":206,"column":4},"end":{"line":206,"column":34}},"82":{"start":{"line":207,"column":4},"end":{"line":207,"column":48}},"83":{"start":{"line":208,"column":4},"end":{"line":208,"column":44}},"84":{"start":{"line":210,"column":4},"end":{"line":212,"column":5}},"85":{"start":{"line":211,"column":6},"end":{"line":211,"column":44}},"86":{"start":{"line":215,"column":4},"end":{"line":217,"column":5}},"87":{"start":{"line":216,"column":6},"end":{"line":216,"column":40}},"88":{"start":{"line":219,"column":10},"end":{"line":223,"column":6}},"89":{"start":{"line":225,"column":10},"end":{"line":225,"column":74}},"90":{"start":{"line":228,"column":4},"end":{"line":235,"column":5}},"91":{"start":{"line":229,"column":6},"end":{"line":233,"column":8}},"92":{"start":{"line":234,"column":6},"end":{"line":234,"column":13}},"93":{"start":{"line":238,"column":4},"end":{"line":238,"column":51}},"94":{"start":{"line":240,"column":4},"end":{"line":240,"column":54}},"95":{"start":{"line":242,"column":19},"end":{"line":242,"column":70}},"96":{"start":{"line":242,"column":4},"end":{"line":242,"column":70}},"97":{"start":{"line":244,"column":4},"end":{"line":244,"column":80}},"98":{"start":{"line":247,"column":9},"end":{"line":310,"column":4}},"99":{"start":{"line":247,"column":52},"end":{"line":310,"column":4}},"100":{"start":{"line":248,"column":10},"end":{"line":248,"column":29}},"101":{"start":{"line":249,"column":4},"end":{"line":256,"column":5}},"102":{"start":{"line":250,"column":6},"end":{"line":254,"column":8}},"103":{"start":{"line":255,"column":6},"end":{"line":255,"column":13}},"104":{"start":{"line":260,"column":21},"end":{"line":263,"column":9}},"105":{"start":{"line":260,"column":6},"end":{"line":263,"column":9}},"106":{"start":{"line":265,"column":6},"end":{"line":269,"column":8}},"107":{"start":{"line":270,"column":6},"end":{"line":270,"column":13}},"108":{"start":{"line":273,"column":4},"end":{"line":280,"column":5}},"109":{"start":{"line":274,"column":6},"end":{"line":278,"column":8}},"110":{"start":{"line":279,"column":6},"end":{"line":279,"column":13}},"111":{"start":{"line":282,"column":10},"end":{"line":286,"column":6}},"112":{"start":{"line":287,"column":4},"end":{"line":290,"column":5}},"113":{"start":{"line":289,"column":6},"end":{"line":289,"column":13}},"114":{"start":{"line":292,"column":4},"end":{"line":292,"column":52}},"115":{"start":{"line":293,"column":4},"end":{"line":293,"column":54}},"116":{"start":{"line":295,"column":19},"end":{"line":295,"column":null}},"117":{"start":{"line":295,"column":10},"end":{"line":295,"column":null}},"118":{"start":{"line":296,"column":4},"end":{"line":303,"column":5}},"119":{"start":{"line":297,"column":6},"end":{"line":301,"column":8}},"120":{"start":{"line":302,"column":6},"end":{"line":302,"column":13}},"121":{"start":{"line":305,"column":4},"end":{"line":309,"column":6}},"122":{"start":{"line":34,"column":4},"end":{"line":34,"column":74}},"123":{"start":{"line":35,"column":4},"end":{"line":35,"column":60}},"124":{"start":{"line":187,"column":10},"end":{"line":195,"column":null}},"125":{"start":{"line":188,"column":22},"end":{"line":188,"column":37}},"126":{"start":{"line":189,"column":20},"end":{"line":189,"column":33}},"127":{"start":{"line":190,"column":4},"end":{"line":194,"column":6}},"128":{"start":{"line":12,"column":25},"end":{"line":12,"column":54}},"129":{"start":{"line":13,"column":25},"end":{"line":13,"column":56}},"130":{"start":{"line":14,"column":25},"end":{"line":14,"column":null}},"131":{"start":{"line":16,"column":25},"end":{"line":16,"column":null}},"132":{"start":{"line":18,"column":25},"end":{"line":18,"column":null}},"133":{"start":{"line":20,"column":25},"end":{"line":20,"column":50}},"134":{"start":{"line":21,"column":4},"end":{"line":21,"column":39}},"135":{"start":{"line":22,"column":25},"end":{"line":22,"column":46}},"136":{"start":{"line":23,"column":25},"end":{"line":23,"column":57}},"137":{"start":{"line":24,"column":4},"end":{"line":24,"column":44}},"138":{"start":{"line":25,"column":25},"end":{"line":25,"column":null}},"139":{"start":{"line":27,"column":25},"end":{"line":27,"column":null}},"140":{"start":{"line":311,"column":0},"end":{"line":311,"column":null}},"141":{"start":{"line":11,"column":13},"end":{"line":11,"column":33}}},"fnMap":{"0":{"name":"(anonymous_13)","decl":{"start":{"line":11,"column":0},"end":{"line":11,"column":13}},"loc":{"start":{"line":11,"column":0},"end":{"line":11,"column":13}}},"1":{"name":"StaffLeaveController","decl":{"start":{"line":33,"column":2},"end":{"line":33,"column":null}},"loc":{"start":{"line":33,"column":2},"end":{"line":36,"column":3}}},"2":{"name":"(anonymous_15)","decl":{"start":{"line":38,"column":20},"end":{"line":38,"column":21}},"loc":{"start":{"line":38,"column":36},"end":{"line":52,"column":3}}},"3":{"name":"(anonymous_16)","decl":{"start":{"line":55,"column":18},"end":{"line":55,"column":25}},"loc":{"start":{"line":55,"column":52},"end":{"line":64,"column":4}}},"4":{"name":"(anonymous_17)","decl":{"start":{"line":55,"column":52},"end":{"line":55,"column":null}},"loc":{"start":{"line":55,"column":52},"end":{"line":64,"column":4}}},"5":{"name":"(anonymous_19)","decl":{"start":{"line":66,"column":19},"end":{"line":66,"column":26}},"loc":{"start":{"line":66,"column":53},"end":{"line":90,"column":4}}},"6":{"name":"(anonymous_20)","decl":{"start":{"line":66,"column":53},"end":{"line":66,"column":null}},"loc":{"start":{"line":66,"column":53},"end":{"line":90,"column":4}}},"7":{"name":"(anonymous_22)","decl":{"start":{"line":93,"column":18},"end":{"line":93,"column":25}},"loc":{"start":{"line":93,"column":52},"end":{"line":184,"column":4}}},"8":{"name":"(anonymous_23)","decl":{"start":{"line":93,"column":52},"end":{"line":93,"column":null}},"loc":{"start":{"line":93,"column":52},"end":{"line":184,"column":4}}},"9":{"name":"(anonymous_25)","decl":{"start":{"line":198,"column":18},"end":{"line":198,"column":25}},"loc":{"start":{"line":198,"column":52},"end":{"line":245,"column":4}}},"10":{"name":"(anonymous_26)","decl":{"start":{"line":198,"column":52},"end":{"line":198,"column":null}},"loc":{"start":{"line":198,"column":52},"end":{"line":245,"column":4}}},"11":{"name":"(anonymous_28)","decl":{"start":{"line":247,"column":18},"end":{"line":247,"column":25}},"loc":{"start":{"line":247,"column":52},"end":{"line":310,"column":4}}},"12":{"name":"(anonymous_29)","decl":{"start":{"line":247,"column":52},"end":{"line":247,"column":null}},"loc":{"start":{"line":247,"column":52},"end":{"line":310,"column":4}}},"13":{"name":"(anonymous_31)","decl":{"start":{"line":187,"column":2},"end":{"line":187,"column":10}},"loc":{"start":{"line":187,"column":50},"end":{"line":195,"column":3}}},"14":{"name":"(anonymous_32)","decl":{"start":{"line":20,"column":50},"end":{"line":20,"column":51}},"loc":{"start":{"line":20,"column":64},"end":{"line":21,"column":31}}},"15":{"name":"(anonymous_33)","decl":{"start":{"line":23,"column":57},"end":{"line":23,"column":58}},"loc":{"start":{"line":23,"column":68},"end":{"line":24,"column":39}}}},"branchMap":{"0":{"loc":{"start":{"line":43,"column":4},"end":{"line":51,"column":5}},"type":"if","locations":[{"start":{"line":43,"column":4},"end":{"line":51,"column":5}},{"start":{"line":45,"column":11},"end":{"line":51,"column":5}}]},"1":{"loc":{"start":{"line":57,"column":19},"end":{"line":60,"column":null}},"type":"switch","locations":[{"start":{"line":57,"column":19},"end":{"line":60,"column":null}}]},"2":{"loc":{"start":{"line":68,"column":4},"end":{"line":75,"column":5}},"type":"if","locations":[{"start":{"line":68,"column":4},"end":{"line":75,"column":5}}]},"3":{"loc":{"start":{"line":80,"column":4},"end":{"line":87,"column":5}},"type":"if","locations":[{"start":{"line":80,"column":4},"end":{"line":87,"column":5}}]},"4":{"loc":{"start":{"line":101,"column":4},"end":{"line":108,"column":5}},"type":"if","locations":[{"start":{"line":101,"column":4},"end":{"line":108,"column":5}}]},"5":{"loc":{"start":{"line":110,"column":8},"end":{"line":110,"column":14}},"type":"if","locations":[{"start":{"line":110,"column":8},"end":{"line":110,"column":14}}]},"6":{"loc":{"start":{"line":111,"column":6},"end":{"line":118,"column":7}},"type":"if","locations":[{"start":{"line":111,"column":6},"end":{"line":118,"column":7}}]},"7":{"loc":{"start":{"line":119,"column":6},"end":{"line":126,"column":7}},"type":"if","locations":[{"start":{"line":119,"column":6},"end":{"line":126,"column":7}}]},"8":{"loc":{"start":{"line":153,"column":6},"end":{"line":153,"column":55}},"type":"binary-expr","locations":[{"start":{"line":153,"column":6},"end":{"line":153,"column":15}},{"start":{"line":153,"column":19},"end":{"line":153,"column":55}}]},"9":{"loc":{"start":{"line":154,"column":29},"end":{"line":154,"column":72}},"type":"binary-expr","locations":[{"start":{"line":154,"column":29},"end":{"line":154,"column":36}},{"start":{"line":154,"column":40},"end":{"line":154,"column":72}}]},"10":{"loc":{"start":{"line":156,"column":8},"end":{"line":156,"column":26}},"type":"if","locations":[{"start":{"line":156,"column":8},"end":{"line":156,"column":26}}]},"11":{"loc":{"start":{"line":156,"column":8},"end":{"line":156,"column":46}},"type":"binary-expr","locations":[{"start":{"line":156,"column":8},"end":{"line":156,"column":26}},{"start":{"line":156,"column":30},"end":{"line":156,"column":46}}]},"12":{"loc":{"start":{"line":163,"column":8},"end":{"line":163,"column":43}},"type":"binary-expr","locations":[{"start":{"line":163,"column":8},"end":{"line":163,"column":17}},{"start":{"line":163,"column":21},"end":{"line":163,"column":43}}]},"13":{"loc":{"start":{"line":164,"column":8},"end":{"line":164,"column":39}},"type":"binary-expr","locations":[{"start":{"line":164,"column":8},"end":{"line":164,"column":15}},{"start":{"line":164,"column":19},"end":{"line":164,"column":39}}]},"14":{"loc":{"start":{"line":168,"column":6},"end":{"line":168,"column":65}},"type":"if","locations":[{"start":{"line":168,"column":6},"end":{"line":168,"column":65}}]},"15":{"loc":{"start":{"line":169,"column":6},"end":{"line":169,"column":59}},"type":"if","locations":[{"start":{"line":169,"column":6},"end":{"line":169,"column":59}}]},"16":{"loc":{"start":{"line":210,"column":4},"end":{"line":212,"column":5}},"type":"if","locations":[{"start":{"line":210,"column":4},"end":{"line":212,"column":5}}]},"17":{"loc":{"start":{"line":215,"column":4},"end":{"line":217,"column":5}},"type":"if","locations":[{"start":{"line":215,"column":4},"end":{"line":217,"column":5}}]},"18":{"loc":{"start":{"line":228,"column":4},"end":{"line":235,"column":5}},"type":"if","locations":[{"start":{"line":228,"column":4},"end":{"line":235,"column":5}}]},"19":{"loc":{"start":{"line":249,"column":4},"end":{"line":256,"column":5}},"type":"if","locations":[{"start":{"line":249,"column":4},"end":{"line":256,"column":5}}]},"20":{"loc":{"start":{"line":273,"column":4},"end":{"line":280,"column":5}},"type":"if","locations":[{"start":{"line":273,"column":4},"end":{"line":280,"column":5}}]},"21":{"loc":{"start":{"line":287,"column":4},"end":{"line":290,"column":5}},"type":"if","locations":[{"start":{"line":287,"column":4},"end":{"line":290,"column":5}}]},"22":{"loc":{"start":{"line":287,"column":8},"end":{"line":287,"column":67}},"type":"binary-expr","locations":[{"start":{"line":287,"column":8},"end":{"line":287,"column":42}},{"start":{"line":287,"column":46},"end":{"line":287,"column":67}}]},"23":{"loc":{"start":{"line":296,"column":4},"end":{"line":303,"column":5}},"type":"if","locations":[{"start":{"line":296,"column":4},"end":{"line":303,"column":5}}]},"24":{"loc":{"start":{"line":296,"column":8},"end":{"line":296,"column":40}},"type":"binary-expr","locations":[{"start":{"line":296,"column":8},"end":{"line":296,"column":15}},{"start":{"line":296,"column":19},"end":{"line":296,"column":40}}]}},"s":{"0":1,"1":1,"2":1,"3":1,"4":1,"5":1,"6":8,"7":8,"8":1,"9":1,"10":1,"11":1,"12":1,"13":0,"14":8,"15":1,"16":1,"17":1,"18":1,"19":8,"20":3,"21":3,"22":3,"23":2,"24":2,"25":1,"26":1,"27":1,"28":0,"29":0,"30":1,"31":8,"32":3,"33":3,"34":3,"35":3,"36":3,"37":1,"38":1,"39":4,"40":0,"41":0,"42":0,"43":0,"44":0,"45":0,"46":0,"47":0,"48":0,"49":0,"50":0,"51":0,"52":0,"53":0,"54":0,"55":0,"56":2,"57":2,"58":2,"59":3,"60":1,"61":1,"62":1,"63":1,"64":1,"65":1,"66":1,"67":1,"68":1,"69":1,"70":2,"71":1,"72":2,"73":1,"74":8,"75":0,"76":0,"77":0,"78":0,"79":0,"80":0,"81":0,"82":0,"83":0,"84":0,"85":0,"86":0,"87":0,"88":0,"89":0,"90":0,"91":0,"92":0,"93":0,"94":0,"95":0,"96":0,"97":0,"98":8,"99":1,"100":1,"101":1,"102":0,"103":0,"104":1,"105":1,"106":0,"107":0,"108":1,"109":0,"110":0,"111":1,"112":1,"113":0,"114":1,"115":2,"116":1,"117":1,"118":1,"119":0,"120":0,"121":1,"122":8,"123":8,"124":1,"125":2,"126":2,"127":2,"128":1,"129":1,"130":1,"131":1,"132":1,"133":1,"134":0,"135":1,"136":1,"137":0,"138":1,"139":1,"140":1,"141":1},"f":{"0":1,"1":8,"2":1,"3":1,"4":1,"5":3,"6":3,"7":3,"8":3,"9":0,"10":0,"11":1,"12":1,"13":2,"14":0,"15":0},"b":{"0":[1,0],"1":[1],"2":[2],"3":[0],"4":[1],"5":[2],"6":[0],"7":[0],"8":[2,2],"9":[2,2],"10":[1],"11":[2,1],"12":[1,0],"13":[1,0],"14":[1],"15":[1],"16":[0],"17":[0],"18":[0],"19":[0],"20":[0],"21":[0],"22":[1,1],"23":[0],"24":[1,1]}}
,"C:\\Users\\prina\\Temp\\caseStudyAPI\\src\\controllers\\UserController.ts": {"path":"C:\\Users\\prina\\Temp\\caseStudyAPI\\src\\controllers\\UserController.ts","statementMap":{"0":{"start":{"line":2,"column":0},"end":{"line":2,"column":47}},"1":{"start":{"line":3,"column":0},"end":{"line":3,"column":38}},"2":{"start":{"line":5,"column":0},"end":{"line":5,"column":60}},"3":{"start":{"line":6,"column":0},"end":{"line":6,"column":48}},"4":{"start":{"line":7,"column":0},"end":{"line":7,"column":43}},"5":{"start":{"line":8,"column":0},"end":{"line":8,"column":52}},"6":{"start":{"line":9,"column":0},"end":{"line":9,"column":38}},"7":{"start":{"line":10,"column":0},"end":{"line":10,"column":46}},"8":{"start":{"line":13,"column":0},"end":{"line":13,"column":13}},"9":{"start":{"line":24,"column":2},"end":{"line":24,"column":null}},"10":{"start":{"line":39,"column":9},"end":{"line":65,"column":4}},"11":{"start":{"line":39,"column":52},"end":{"line":65,"column":4}},"12":{"start":{"line":41,"column":12},"end":{"line":41,"column":43}},"13":{"start":{"line":42,"column":10},"end":{"line":42,"column":21}},"14":{"start":{"line":44,"column":16},"end":{"line":46,"column":11}},"15":{"start":{"line":44,"column":8},"end":{"line":46,"column":11}},"16":{"start":{"line":47,"column":17},"end":{"line":47,"column":28}},"17":{"start":{"line":49,"column":16},"end":{"line":52,"column":11}},"18":{"start":{"line":49,"column":8},"end":{"line":52,"column":11}},"19":{"start":{"line":55,"column":16},"end":{"line":58,"column":11}},"20":{"start":{"line":55,"column":8},"end":{"line":58,"column":11}},"21":{"start":{"line":60,"column":6},"end":{"line":63,"column":7}},"22":{"start":{"line":61,"column":8},"end":{"line":61,"column":71}},"23":{"start":{"line":62,"column":8},"end":{"line":62,"column":15}},"24":{"start":{"line":64,"column":6},"end":{"line":64,"column":54}},"25":{"start":{"line":67,"column":9},"end":{"line":93,"column":4}},"26":{"start":{"line":67,"column":56},"end":{"line":93,"column":4}},"27":{"start":{"line":68,"column":10},"end":{"line":68,"column":42}},"28":{"start":{"line":70,"column":4},"end":{"line":77,"column":5}},"29":{"start":{"line":71,"column":6},"end":{"line":75,"column":8}},"30":{"start":{"line":76,"column":6},"end":{"line":76,"column":13}},"31":{"start":{"line":79,"column":17},"end":{"line":82,"column":null}},"32":{"start":{"line":79,"column":10},"end":{"line":82,"column":null}},"33":{"start":{"line":83,"column":4},"end":{"line":90,"column":5}},"34":{"start":{"line":84,"column":6},"end":{"line":88,"column":8}},"35":{"start":{"line":89,"column":6},"end":{"line":89,"column":13}},"36":{"start":{"line":92,"column":4},"end":{"line":92,"column":51}},"37":{"start":{"line":95,"column":9},"end":{"line":120,"column":4}},"38":{"start":{"line":95,"column":53},"end":{"line":120,"column":4}},"39":{"start":{"line":96,"column":10},"end":{"line":96,"column":39}},"40":{"start":{"line":97,"column":4},"end":{"line":104,"column":5}},"41":{"start":{"line":98,"column":6},"end":{"line":102,"column":8}},"42":{"start":{"line":103,"column":6},"end":{"line":103,"column":13}},"43":{"start":{"line":106,"column":17},"end":{"line":109,"column":null}},"44":{"start":{"line":106,"column":10},"end":{"line":109,"column":null}},"45":{"start":{"line":110,"column":4},"end":{"line":117,"column":5}},"46":{"start":{"line":111,"column":6},"end":{"line":115,"column":8}},"47":{"start":{"line":116,"column":6},"end":{"line":116,"column":13}},"48":{"start":{"line":119,"column":4},"end":{"line":119,"column":51}},"49":{"start":{"line":122,"column":9},"end":{"line":169,"column":4}},"50":{"start":{"line":122,"column":52},"end":{"line":169,"column":4}},"51":{"start":{"line":123,"column":8},"end":{"line":123,"column":26}},"52":{"start":{"line":126,"column":4},"end":{"line":126,"column":38}},"53":{"start":{"line":128,"column":4},"end":{"line":128,"column":32}},"54":{"start":{"line":129,"column":4},"end":{"line":129,"column":32}},"55":{"start":{"line":130,"column":4},"end":{"line":130,"column":40}},"56":{"start":{"line":131,"column":4},"end":{"line":131,"column":36}},"57":{"start":{"line":134,"column":4},"end":{"line":136,"column":5}},"58":{"start":{"line":135,"column":6},"end":{"line":135,"column":38}},"59":{"start":{"line":138,"column":4},"end":{"line":140,"column":5}},"60":{"start":{"line":139,"column":6},"end":{"line":139,"column":52}},"61":{"start":{"line":142,"column":4},"end":{"line":144,"column":5}},"62":{"start":{"line":143,"column":6},"end":{"line":143,"column":46}},"63":{"start":{"line":146,"column":19},"end":{"line":146,"column":null}},"64":{"start":{"line":146,"column":10},"end":{"line":146,"column":null}},"65":{"start":{"line":147,"column":4},"end":{"line":152,"column":5}},"66":{"start":{"line":149,"column":6},"end":{"line":151,"column":8}},"67":{"start":{"line":150,"column":28},"end":{"line":150,"column":65}},"68":{"start":{"line":154,"column":8},"end":{"line":154,"column":11}},"69":{"start":{"line":155,"column":13},"end":{"line":155,"column":50}},"70":{"start":{"line":155,"column":6},"end":{"line":155,"column":50}},"71":{"start":{"line":157,"column":6},"end":{"line":161,"column":8}},"72":{"start":{"line":164,"column":4},"end":{"line":168,"column":6}},"73":{"start":{"line":171,"column":9},"end":{"line":190,"column":4}},"74":{"start":{"line":171,"column":52},"end":{"line":190,"column":4}},"75":{"start":{"line":172,"column":10},"end":{"line":172,"column":29}},"76":{"start":{"line":173,"column":4},"end":{"line":175,"column":5}},"77":{"start":{"line":174,"column":6},"end":{"line":174,"column":43}},"78":{"start":{"line":177,"column":8},"end":{"line":177,"column":11}},"79":{"start":{"line":178,"column":21},"end":{"line":178,"column":null}},"80":{"start":{"line":178,"column":12},"end":{"line":178,"column":null}},"81":{"start":{"line":179,"column":6},"end":{"line":181,"column":7}},"82":{"start":{"line":180,"column":8},"end":{"line":180,"column":66}},"83":{"start":{"line":183,"column":6},"end":{"line":187,"column":8}},"84":{"start":{"line":189,"column":4},"end":{"line":189,"column":77}},"85":{"start":{"line":192,"column":9},"end":{"line":263,"column":4}},"86":{"start":{"line":192,"column":52},"end":{"line":263,"column":4}},"87":{"start":{"line":193,"column":10},"end":{"line":193,"column":27}},"88":{"start":{"line":195,"column":4},"end":{"line":197,"column":5}},"89":{"start":{"line":196,"column":6},"end":{"line":196,"column":67}},"90":{"start":{"line":199,"column":15},"end":{"line":205,"column":null}},"91":{"start":{"line":199,"column":8},"end":{"line":205,"column":null}},"92":{"start":{"line":207,"column":4},"end":{"line":209,"column":5}},"93":{"start":{"line":208,"column":6},"end":{"line":208,"column":62}},"94":{"start":{"line":212,"column":4},"end":{"line":214,"column":5}},"95":{"start":{"line":213,"column":6},"end":{"line":213,"column":34}},"96":{"start":{"line":216,"column":8},"end":{"line":216,"column":11}},"97":{"start":{"line":217,"column":19},"end":{"line":219,"column":null}},"98":{"start":{"line":217,"column":12},"end":{"line":219,"column":null}},"99":{"start":{"line":220,"column":6},"end":{"line":220,"column":56}},"100":{"start":{"line":220,"column":17},"end":{"line":220,"column":56}},"101":{"start":{"line":221,"column":6},"end":{"line":221,"column":23}},"102":{"start":{"line":224,"column":8},"end":{"line":224,"column":11}},"103":{"start":{"line":225,"column":22},"end":{"line":227,"column":null}},"104":{"start":{"line":225,"column":12},"end":{"line":227,"column":null}},"105":{"start":{"line":228,"column":6},"end":{"line":228,"column":62}},"106":{"start":{"line":228,"column":20},"end":{"line":228,"column":62}},"107":{"start":{"line":229,"column":6},"end":{"line":229,"column":29}},"108":{"start":{"line":232,"column":4},"end":{"line":234,"column":5}},"109":{"start":{"line":233,"column":6},"end":{"line":233,"column":42}},"110":{"start":{"line":236,"column":4},"end":{"line":238,"column":5}},"111":{"start":{"line":237,"column":6},"end":{"line":237,"column":38}},"112":{"start":{"line":240,"column":19},"end":{"line":240,"column":null}},"113":{"start":{"line":240,"column":10},"end":{"line":240,"column":null}},"114":{"start":{"line":241,"column":4},"end":{"line":249,"column":5}},"115":{"start":{"line":243,"column":6},"end":{"line":248,"column":8}},"116":{"start":{"line":245,"column":22},"end":{"line":245,"column":57}},"117":{"start":{"line":251,"column":8},"end":{"line":251,"column":11}},"118":{"start":{"line":252,"column":13},"end":{"line":252,"column":50}},"119":{"start":{"line":252,"column":6},"end":{"line":252,"column":50}},"120":{"start":{"line":254,"column":6},"end":{"line":258,"column":8}},"121":{"start":{"line":259,"column":6},"end":{"line":259,"column":13}},"122":{"start":{"line":262,"column":4},"end":{"line":262,"column":67}},"123":{"start":{"line":265,"column":9},"end":{"line":288,"column":4}},"124":{"start":{"line":265,"column":53},"end":{"line":288,"column":4}},"125":{"start":{"line":266,"column":8},"end":{"line":266,"column":11}},"126":{"start":{"line":267,"column":19},"end":{"line":269,"column":null}},"127":{"start":{"line":267,"column":12},"end":{"line":269,"column":null}},"128":{"start":{"line":270,"column":6},"end":{"line":277,"column":7}},"129":{"start":{"line":271,"column":8},"end":{"line":275,"column":10}},"130":{"start":{"line":276,"column":8},"end":{"line":276,"column":15}},"131":{"start":{"line":278,"column":6},"end":{"line":278,"column":45}},"132":{"start":{"line":279,"column":6},"end":{"line":279,"column":43}},"133":{"start":{"line":280,"column":6},"end":{"line":280,"column":69}},"134":{"start":{"line":282,"column":6},"end":{"line":286,"column":8}},"135":{"start":{"line":25,"column":4},"end":{"line":25,"column":60}},"136":{"start":{"line":26,"column":4},"end":{"line":26,"column":60}},"137":{"start":{"line":30,"column":8},"end":{"line":36,"column":null}},"138":{"start":{"line":31,"column":17},"end":{"line":31,"column":null}},"139":{"start":{"line":31,"column":10},"end":{"line":31,"column":null}},"140":{"start":{"line":32,"column":4},"end":{"line":32,"column":52}},"141":{"start":{"line":32,"column":15},"end":{"line":32,"column":52}},"142":{"start":{"line":34,"column":4},"end":{"line":34,"column":43}},"143":{"start":{"line":35,"column":4},"end":{"line":35,"column":41}},"144":{"start":{"line":14,"column":25},"end":{"line":14,"column":53}},"145":{"start":{"line":15,"column":25},"end":{"line":15,"column":56}},"146":{"start":{"line":16,"column":25},"end":{"line":16,"column":48}},"147":{"start":{"line":17,"column":25},"end":{"line":17,"column":56}},"148":{"start":{"line":18,"column":4},"end":{"line":18,"column":36}},"149":{"start":{"line":19,"column":25},"end":{"line":19,"column":48}},"150":{"start":{"line":289,"column":0},"end":{"line":289,"column":null}},"151":{"start":{"line":13,"column":13},"end":{"line":13,"column":27}}},"fnMap":{"0":{"name":"(anonymous_13)","decl":{"start":{"line":13,"column":0},"end":{"line":13,"column":13}},"loc":{"start":{"line":13,"column":0},"end":{"line":13,"column":13}}},"1":{"name":"UserController","decl":{"start":{"line":24,"column":2},"end":{"line":24,"column":null}},"loc":{"start":{"line":24,"column":2},"end":{"line":27,"column":3}}},"2":{"name":"(anonymous_15)","decl":{"start":{"line":39,"column":18},"end":{"line":39,"column":25}},"loc":{"start":{"line":39,"column":52},"end":{"line":65,"column":4}}},"3":{"name":"(anonymous_16)","decl":{"start":{"line":39,"column":52},"end":{"line":39,"column":null}},"loc":{"start":{"line":39,"column":52},"end":{"line":65,"column":4}}},"4":{"name":"(anonymous_18)","decl":{"start":{"line":67,"column":22},"end":{"line":67,"column":29}},"loc":{"start":{"line":67,"column":56},"end":{"line":93,"column":4}}},"5":{"name":"(anonymous_19)","decl":{"start":{"line":67,"column":56},"end":{"line":67,"column":null}},"loc":{"start":{"line":67,"column":56},"end":{"line":93,"column":4}}},"6":{"name":"(anonymous_21)","decl":{"start":{"line":95,"column":19},"end":{"line":95,"column":26}},"loc":{"start":{"line":95,"column":53},"end":{"line":120,"column":4}}},"7":{"name":"(anonymous_22)","decl":{"start":{"line":95,"column":53},"end":{"line":95,"column":null}},"loc":{"start":{"line":95,"column":53},"end":{"line":120,"column":4}}},"8":{"name":"(anonymous_24)","decl":{"start":{"line":122,"column":18},"end":{"line":122,"column":25}},"loc":{"start":{"line":122,"column":52},"end":{"line":169,"column":4}}},"9":{"name":"(anonymous_25)","decl":{"start":{"line":122,"column":52},"end":{"line":122,"column":null}},"loc":{"start":{"line":122,"column":52},"end":{"line":169,"column":4}}},"10":{"name":"(anonymous_27)","decl":{"start":{"line":150,"column":19},"end":{"line":150,"column":20}},"loc":{"start":{"line":150,"column":23},"end":{"line":150,"column":34}}},"11":{"name":"(anonymous_28)","decl":{"start":{"line":171,"column":18},"end":{"line":171,"column":25}},"loc":{"start":{"line":171,"column":52},"end":{"line":190,"column":4}}},"12":{"name":"(anonymous_29)","decl":{"start":{"line":171,"column":52},"end":{"line":171,"column":null}},"loc":{"start":{"line":171,"column":52},"end":{"line":190,"column":4}}},"13":{"name":"(anonymous_31)","decl":{"start":{"line":192,"column":18},"end":{"line":192,"column":25}},"loc":{"start":{"line":192,"column":52},"end":{"line":263,"column":4}}},"14":{"name":"(anonymous_32)","decl":{"start":{"line":192,"column":52},"end":{"line":192,"column":null}},"loc":{"start":{"line":192,"column":52},"end":{"line":263,"column":4}}},"15":{"name":"(anonymous_34)","decl":{"start":{"line":245,"column":15},"end":{"line":245,"column":16}},"loc":{"start":{"line":245,"column":17},"end":{"line":245,"column":28}}},"16":{"name":"(anonymous_35)","decl":{"start":{"line":265,"column":19},"end":{"line":265,"column":26}},"loc":{"start":{"line":265,"column":53},"end":{"line":288,"column":4}}},"17":{"name":"(anonymous_36)","decl":{"start":{"line":265,"column":53},"end":{"line":265,"column":null}},"loc":{"start":{"line":265,"column":53},"end":{"line":288,"column":4}}},"18":{"name":"(anonymous_38)","decl":{"start":{"line":30,"column":2},"end":{"line":30,"column":8}},"loc":{"start":{"line":30,"column":36},"end":{"line":36,"column":null}}},"19":{"name":"(anonymous_41)","decl":{"start":{"line":17,"column":56},"end":{"line":17,"column":57}},"loc":{"start":{"line":17,"column":67},"end":{"line":18,"column":31}}}},"branchMap":{"0":{"loc":{"start":{"line":55,"column":16},"end":{"line":58,"column":11}},"type":"switch","locations":[{"start":{"line":55,"column":16},"end":{"line":58,"column":11}}]},"1":{"loc":{"start":{"line":42,"column":10},"end":{"line":42,"column":21}},"type":"if","locations":[{"start":{"line":42,"column":10},"end":{"line":42,"column":21}}]},"2":{"loc":{"start":{"line":47,"column":17},"end":{"line":47,"column":28}},"type":"if","locations":[{"start":{"line":47,"column":17},"end":{"line":47,"column":28}}]},"3":{"loc":{"start":{"line":60,"column":6},"end":{"line":63,"column":7}},"type":"if","locations":[{"start":{"line":60,"column":6},"end":{"line":63,"column":7}}]},"4":{"loc":{"start":{"line":60,"column":10},"end":{"line":60,"column":38}},"type":"binary-expr","locations":[{"start":{"line":60,"column":10},"end":{"line":60,"column":16}},{"start":{"line":60,"column":20},"end":{"line":60,"column":38}}]},"5":{"loc":{"start":{"line":70,"column":4},"end":{"line":77,"column":5}},"type":"if","locations":[{"start":{"line":70,"column":4},"end":{"line":77,"column":5}}]},"6":{"loc":{"start":{"line":70,"column":8},"end":{"line":70,"column":43}},"type":"binary-expr","locations":[{"start":{"line":70,"column":8},"end":{"line":70,"column":14}},{"start":{"line":70,"column":18},"end":{"line":70,"column":43}}]},"7":{"loc":{"start":{"line":83,"column":4},"end":{"line":90,"column":5}},"type":"if","locations":[{"start":{"line":83,"column":4},"end":{"line":90,"column":5}}]},"8":{"loc":{"start":{"line":97,"column":4},"end":{"line":104,"column":5}},"type":"if","locations":[{"start":{"line":97,"column":4},"end":{"line":104,"column":5}}]},"9":{"loc":{"start":{"line":110,"column":4},"end":{"line":117,"column":5}},"type":"if","locations":[{"start":{"line":110,"column":4},"end":{"line":117,"column":5}}]},"10":{"loc":{"start":{"line":134,"column":4},"end":{"line":136,"column":5}},"type":"if","locations":[{"start":{"line":134,"column":4},"end":{"line":136,"column":5}}]},"11":{"loc":{"start":{"line":138,"column":4},"end":{"line":140,"column":5}},"type":"if","locations":[{"start":{"line":138,"column":4},"end":{"line":140,"column":5}}]},"12":{"loc":{"start":{"line":142,"column":4},"end":{"line":144,"column":5}},"type":"if","locations":[{"start":{"line":142,"column":4},"end":{"line":144,"column":5}}]},"13":{"loc":{"start":{"line":147,"column":4},"end":{"line":152,"column":5}},"type":"if","locations":[{"start":{"line":147,"column":4},"end":{"line":152,"column":5}}]},"14":{"loc":{"start":{"line":150,"column":42},"end":{"line":150,"column":63}},"type":"binary-expr","locations":[{"start":{"line":150,"column":42},"end":{"line":150,"column":57}},{"start":{"line":150,"column":61},"end":{"line":150,"column":63}}]},"15":{"loc":{"start":{"line":154,"column":8},"end":{"line":154,"column":11}},"type":"if","locations":[{"start":{"line":154,"column":8},"end":{"line":154,"column":11}}]},"16":{"loc":{"start":{"line":173,"column":4},"end":{"line":175,"column":5}},"type":"if","locations":[{"start":{"line":173,"column":4},"end":{"line":175,"column":5}}]},"17":{"loc":{"start":{"line":177,"column":8},"end":{"line":177,"column":11}},"type":"if","locations":[{"start":{"line":177,"column":8},"end":{"line":177,"column":11}}]},"18":{"loc":{"start":{"line":179,"column":6},"end":{"line":181,"column":7}},"type":"if","locations":[{"start":{"line":179,"column":6},"end":{"line":181,"column":7}}]},"19":{"loc":{"start":{"line":195,"column":4},"end":{"line":197,"column":5}},"type":"if","locations":[{"start":{"line":195,"column":4},"end":{"line":197,"column":5}}]},"20":{"loc":{"start":{"line":207,"column":4},"end":{"line":209,"column":5}},"type":"if","locations":[{"start":{"line":207,"column":4},"end":{"line":209,"column":5}}]},"21":{"loc":{"start":{"line":212,"column":4},"end":{"line":214,"column":5}},"type":"if","locations":[{"start":{"line":212,"column":4},"end":{"line":214,"column":5}}]},"22":{"loc":{"start":{"line":216,"column":8},"end":{"line":216,"column":11}},"type":"if","locations":[{"start":{"line":216,"column":8},"end":{"line":216,"column":11}}]},"23":{"loc":{"start":{"line":220,"column":6},"end":{"line":220,"column":56}},"type":"if","locations":[{"start":{"line":220,"column":6},"end":{"line":220,"column":56}}]},"24":{"loc":{"start":{"line":224,"column":8},"end":{"line":224,"column":11}},"type":"if","locations":[{"start":{"line":224,"column":8},"end":{"line":224,"column":11}}]},"25":{"loc":{"start":{"line":228,"column":6},"end":{"line":228,"column":62}},"type":"if","locations":[{"start":{"line":228,"column":6},"end":{"line":228,"column":62}}]},"26":{"loc":{"start":{"line":232,"column":4},"end":{"line":234,"column":5}},"type":"if","locations":[{"start":{"line":232,"column":4},"end":{"line":234,"column":5}}]},"27":{"loc":{"start":{"line":236,"column":4},"end":{"line":238,"column":5}},"type":"if","locations":[{"start":{"line":236,"column":4},"end":{"line":238,"column":5}}]},"28":{"loc":{"start":{"line":241,"column":4},"end":{"line":249,"column":5}},"type":"if","locations":[{"start":{"line":241,"column":4},"end":{"line":249,"column":5}}]},"29":{"loc":{"start":{"line":245,"column":36},"end":{"line":245,"column":55}},"type":"binary-expr","locations":[{"start":{"line":245,"column":36},"end":{"line":245,"column":49}},{"start":{"line":245,"column":53},"end":{"line":245,"column":55}}]},"30":{"loc":{"start":{"line":251,"column":8},"end":{"line":251,"column":11}},"type":"if","locations":[{"start":{"line":251,"column":8},"end":{"line":251,"column":11}}]},"31":{"loc":{"start":{"line":266,"column":8},"end":{"line":266,"column":11}},"type":"if","locations":[{"start":{"line":266,"column":8},"end":{"line":266,"column":11}}]},"32":{"loc":{"start":{"line":270,"column":6},"end":{"line":277,"column":7}},"type":"if","locations":[{"start":{"line":270,"column":6},"end":{"line":277,"column":7}}]},"33":{"loc":{"start":{"line":31,"column":17},"end":{"line":31,"column":null}},"type":"switch","locations":[{"start":{"line":31,"column":17},"end":{"line":31,"column":null}}]},"34":{"loc":{"start":{"line":32,"column":4},"end":{"line":32,"column":52}},"type":"if","locations":[{"start":{"line":32,"column":4},"end":{"line":32,"column":52}}]}},"s":{"0":1,"1":1,"2":1,"3":1,"4":1,"5":1,"6":1,"7":1,"8":1,"9":16,"10":16,"11":3,"12":3,"13":3,"14":3,"15":3,"16":0,"17":0,"18":0,"19":0,"20":0,"21":2,"22":1,"23":1,"24":1,"25":16,"26":0,"27":0,"28":0,"29":0,"30":0,"31":0,"32":0,"33":0,"34":0,"35":0,"36":0,"37":16,"38":0,"39":0,"40":0,"41":0,"42":0,"43":0,"44":0,"45":0,"46":0,"47":0,"48":0,"49":16,"50":5,"51":5,"52":5,"53":5,"54":5,"55":5,"56":5,"57":5,"58":0,"59":5,"60":0,"61":5,"62":0,"63":5,"64":5,"65":5,"66":3,"67":3,"68":3,"69":1,"70":1,"71":1,"72":2,"73":16,"74":4,"75":4,"76":4,"77":1,"78":4,"79":2,"80":2,"81":2,"82":1,"83":1,"84":2,"85":16,"86":4,"87":4,"88":4,"89":1,"90":3,"91":3,"92":3,"93":0,"94":3,"95":2,"96":6,"97":0,"98":0,"99":0,"100":0,"101":0,"102":6,"103":0,"104":0,"105":0,"106":0,"107":0,"108":3,"109":0,"110":3,"111":0,"112":3,"113":3,"114":3,"115":1,"116":1,"117":3,"118":1,"119":1,"120":1,"121":1,"122":1,"123":16,"124":0,"125":0,"126":0,"127":0,"128":0,"129":0,"130":0,"131":0,"132":0,"133":0,"134":0,"135":16,"136":16,"137":1,"138":0,"139":0,"140":0,"141":0,"142":0,"143":0,"144":1,"145":1,"146":1,"147":1,"148":0,"149":1,"150":1,"151":1},"f":{"0":1,"1":16,"2":3,"3":3,"4":0,"5":0,"6":0,"7":0,"8":5,"9":5,"10":3,"11":4,"12":4,"13":4,"14":4,"15":1,"16":0,"17":0,"18":0,"19":0},"b":{"0":[0],"1":[0],"2":[0],"3":[1],"4":[2,2],"5":[0],"6":[0,0],"7":[0],"8":[0],"9":[0],"10":[0],"11":[0],"12":[0],"13":[3],"14":[3,0],"15":[1],"16":[1],"17":[1],"18":[1],"19":[1],"20":[0],"21":[2],"22":[3],"23":[0],"24":[3],"25":[0],"26":[0],"27":[0],"28":[1],"29":[1,0],"30":[1],"31":[0],"32":[0],"33":[0],"34":[0]}}
,"C:\\Users\\prina\\Temp\\caseStudyAPI\\src\\entity\\LeaveRequest.ts": {"path":"C:\\Users\\prina\\Temp\\caseStudyAPI\\src\\entity\\LeaveRequest.ts","statementMap":{"0":{"start":{"line":1,"column":0},"end":{"line":1,"column":null}},"1":{"start":{"line":9,"column":0},"end":{"line":9,"column":30}},"2":{"start":{"line":10,"column":0},"end":{"line":10,"column":65}},"3":{"start":{"line":13,"column":0},"end":{"line":13,"column":13}},"4":{"start":{"line":15,"column":2},"end":{"line":15,"column":null}},"5":{"start":{"line":19,"column":2},"end":{"line":19,"column":null}},"6":{"start":{"line":17,"column":19},"end":{"line":17,"column":25}},"7":{"start":{"line":23,"column":2},"end":{"line":23,"column":null}},"8":{"start":{"line":27,"column":2},"end":{"line":27,"column":null}},"9":{"start":{"line":30,"column":2},"end":{"line":30,"column":null}},"10":{"start":{"line":40,"column":2},"end":{"line":40,"column":null}},"11":{"start":{"line":43,"column":2},"end":{"line":43,"column":null}},"12":{"start":{"line":46,"column":2},"end":{"line":46,"column":null}},"13":{"start":{"line":54,"column":2},"end":{"line":54,"column":null}},"14":{"start":{"line":13,"column":13},"end":{"line":55,"column":null}},"15":{"start":{"line":55,"column":0},"end":{"line":55,"column":null}},"16":{"start":{"line":13,"column":13},"end":{"line":13,"column":25}}},"fnMap":{"0":{"name":"(anonymous_2)","decl":{"start":{"line":13,"column":0},"end":{"line":13,"column":13}},"loc":{"start":{"line":13,"column":0},"end":{"line":13,"column":13}}},"1":{"name":"(anonymous_4)","decl":{"start":{"line":17,"column":13},"end":{"line":17,"column":19}},"loc":{"start":{"line":17,"column":13},"end":{"line":17,"column":23}}}},"branchMap":{},"s":{"0":5,"1":5,"2":5,"3":5,"4":5,"5":5,"6":0,"7":5,"8":5,"9":5,"10":5,"11":5,"12":5,"13":5,"14":5,"15":5,"16":5},"f":{"0":12,"1":0},"b":{}}
,"C:\\Users\\prina\\Temp\\caseStudyAPI\\src\\entity\\Role.ts": {"path":"C:\\Users\\prina\\Temp\\caseStudyAPI\\src\\entity\\Role.ts","statementMap":{"0":{"start":{"line":1,"column":0},"end":{"line":1,"column":65}},"1":{"start":{"line":2,"column":0},"end":{"line":2,"column":65}},"2":{"start":{"line":5,"column":0},"end":{"line":5,"column":13}},"3":{"start":{"line":7,"column":2},"end":{"line":7,"column":null}},"4":{"start":{"line":13,"column":2},"end":{"line":13,"column":null}},"5":{"start":{"line":5,"column":13},"end":{"line":14,"column":null}},"6":{"start":{"line":14,"column":0},"end":{"line":14,"column":null}},"7":{"start":{"line":5,"column":13},"end":{"line":5,"column":17}}},"fnMap":{"0":{"name":"(anonymous_2)","decl":{"start":{"line":5,"column":0},"end":{"line":5,"column":13}},"loc":{"start":{"line":5,"column":0},"end":{"line":5,"column":13}}}},"branchMap":{},"s":{"0":7,"1":7,"2":7,"3":7,"4":7,"5":7,"6":7,"7":7},"f":{"0":76},"b":{}}
,"C:\\Users\\prina\\Temp\\caseStudyAPI\\src\\entity\\User.ts": {"path":"C:\\Users\\prina\\Temp\\caseStudyAPI\\src\\entity\\User.ts","statementMap":{"0":{"start":{"line":1,"column":0},"end":{"line":1,"column":null}},"1":{"start":{"line":8,"column":0},"end":{"line":8,"column":null}},"2":{"start":{"line":17,"column":0},"end":{"line":17,"column":30}},"3":{"start":{"line":18,"column":0},"end":{"line":18,"column":44}},"4":{"start":{"line":19,"column":0},"end":{"line":19,"column":60}},"5":{"start":{"line":22,"column":0},"end":{"line":22,"column":13}},"6":{"start":{"line":68,"column":2},"end":{"line":77,"column":null}},"7":{"start":{"line":69,"column":4},"end":{"line":71,"column":5}},"8":{"start":{"line":70,"column":6},"end":{"line":70,"column":76}},"9":{"start":{"line":72,"column":37},"end":{"line":73,"column":null}},"10":{"start":{"line":72,"column":26},"end":{"line":72,"column":28}},"11":{"start":{"line":72,"column":32},"end":{"line":72,"column":37}},"12":{"start":{"line":75,"column":4},"end":{"line":75,"column":35}},"13":{"start":{"line":76,"column":4},"end":{"line":76,"column":21}},"14":{"start":{"line":80,"column":2},"end":{"line":84,"column":null}},"15":{"start":{"line":81,"column":4},"end":{"line":83,"column":5}},"16":{"start":{"line":82,"column":6},"end":{"line":82,"column":51}},"17":{"start":{"line":24,"column":2},"end":{"line":24,"column":null}},"18":{"start":{"line":28,"column":2},"end":{"line":28,"column":null}},"19":{"start":{"line":32,"column":2},"end":{"line":32,"column":null}},"20":{"start":{"line":38,"column":2},"end":{"line":38,"column":null}},"21":{"start":{"line":42,"column":2},"end":{"line":42,"column":null}},"22":{"start":{"line":46,"column":2},"end":{"line":46,"column":null}},"23":{"start":{"line":50,"column":2},"end":{"line":50,"column":null}},"24":{"start":{"line":48,"column":19},"end":{"line":48,"column":25}},"25":{"start":{"line":53,"column":2},"end":{"line":53,"column":null}},"26":{"start":{"line":52,"column":19},"end":{"line":52,"column":25}},"27":{"start":{"line":59,"column":2},"end":{"line":59,"column":null}},"28":{"start":{"line":65,"column":2},"end":{"line":65,"column":null}},"29":{"start":{"line":22,"column":13},"end":{"line":85,"column":null}},"30":{"start":{"line":85,"column":0},"end":{"line":85,"column":null}},"31":{"start":{"line":22,"column":13},"end":{"line":22,"column":17}}},"fnMap":{"0":{"name":"(anonymous_2)","decl":{"start":{"line":22,"column":0},"end":{"line":22,"column":13}},"loc":{"start":{"line":22,"column":0},"end":{"line":22,"column":13}}},"1":{"name":"(anonymous_4)","decl":{"start":{"line":68,"column":2},"end":{"line":68,"column":14}},"loc":{"start":{"line":68,"column":2},"end":{"line":77,"column":3}}},"2":{"name":"(anonymous_5)","decl":{"start":{"line":80,"column":2},"end":{"line":80,"column":19}},"loc":{"start":{"line":80,"column":2},"end":{"line":84,"column":3}}},"3":{"name":"(anonymous_6)","decl":{"start":{"line":48,"column":13},"end":{"line":48,"column":19}},"loc":{"start":{"line":48,"column":13},"end":{"line":48,"column":23}}},"4":{"name":"(anonymous_7)","decl":{"start":{"line":52,"column":13},"end":{"line":52,"column":19}},"loc":{"start":{"line":52,"column":13},"end":{"line":52,"column":23}}}},"branchMap":{"0":{"loc":{"start":{"line":69,"column":4},"end":{"line":71,"column":5}},"type":"if","locations":[{"start":{"line":69,"column":4},"end":{"line":71,"column":5}}]},"1":{"loc":{"start":{"line":81,"column":4},"end":{"line":83,"column":5}},"type":"if","locations":[{"start":{"line":81,"column":4},"end":{"line":83,"column":5}}]},"2":{"loc":{"start":{"line":81,"column":8},"end":{"line":81,"column":67}},"type":"binary-expr","locations":[{"start":{"line":81,"column":8},"end":{"line":81,"column":38}},{"start":{"line":81,"column":42},"end":{"line":81,"column":67}}]},"3":{"loc":{"start":{"line":82,"column":25},"end":{"line":82,"column":50}},"type":"cond-expr","locations":[{"start":{"line":82,"column":44},"end":{"line":82,"column":48}},{"start":{"line":82,"column":48},"end":{"line":82,"column":50}}]},"4":{"loc":{"start":{"line":82,"column":25},"end":{"line":82,"column":48}},"type":"binary-expr","locations":[{"start":{"line":82,"column":25},"end":{"line":82,"column":48}},{"start":{"line":82,"column":44},"end":{"line":82,"column":48}}]}},"s":{"0":6,"1":6,"2":6,"3":6,"4":6,"5":6,"6":12,"7":0,"8":0,"9":0,"10":0,"11":0,"12":0,"13":0,"14":12,"15":0,"16":0,"17":6,"18":6,"19":6,"20":6,"21":6,"22":6,"23":6,"24":0,"25":6,"26":0,"27":6,"28":6,"29":6,"30":6,"31":6},"f":{"0":72,"1":0,"2":0,"3":0,"4":0},"b":{"0":[0],"1":[0],"2":[0,0],"3":[0,0],"4":[0,0]}}
,"C:\\Users\\prina\\Temp\\caseStudyAPI\\src\\helper\\AppError.ts": {"path":"C:\\Users\\prina\\Temp\\caseStudyAPI\\src\\helper\\AppError.ts","statementMap":{"0":{"start":{"line":1,"column":0},"end":{"line":1,"column":48}},"1":{"start":{"line":3,"column":0},"end":{"line":3,"column":null}},"2":{"start":{"line":3,"column":30},"end":{"line":3,"column":35}},"3":{"start":{"line":7,"column":4},"end":{"line":7,"column":null}},"4":{"start":{"line":9,"column":4},"end":{"line":9,"column":19}},"5":{"start":{"line":10,"column":4},"end":{"line":10,"column":33}},"6":{"start":{"line":11,"column":4},"end":{"line":11,"column":52}},"7":{"start":{"line":13,"column":0},"end":{"line":13,"column":null}},"8":{"start":{"line":3,"column":13},"end":{"line":3,"column":21}}},"fnMap":{"0":{"name":"(anonymous_6)","decl":{"start":{"line":3,"column":0},"end":{"line":3,"column":13}},"loc":{"start":{"line":3,"column":0},"end":{"line":13,"column":null}}},"1":{"name":"AppError","decl":{"start":{"line":5,"column":2},"end":{"line":5,"column":null}},"loc":{"start":{"line":7,"column":58},"end":{"line":12,"column":3}}}},"branchMap":{"0":{"loc":{"start":{"line":7,"column":4},"end":{"line":7,"column":null}},"type":"if","locations":[{"start":{"line":7,"column":4},"end":{"line":7,"column":null}}]},"1":{"loc":{"start":{"line":9,"column":4},"end":{"line":9,"column":19}},"type":"binary-expr","locations":[{"start":{"line":9,"column":4},"end":{"line":9,"column":18}},{"start":{"line":9,"column":18},"end":{"line":9,"column":19}}]}},"s":{"0":3,"1":3,"2":3,"3":35,"4":18,"5":18,"6":18,"7":3,"8":3},"f":{"0":3,"1":18},"b":{"0":[17],"1":[18,0]}}
,"C:\\Users\\prina\\Temp\\caseStudyAPI\\src\\helper\\ErrorHandler.ts": {"path":"C:\\Users\\prina\\Temp\\caseStudyAPI\\src\\helper\\ErrorHandler.ts","statementMap":{"0":{"start":{"line":2,"column":0},"end":{"line":2,"column":34}},"1":{"start":{"line":3,"column":0},"end":{"line":3,"column":52}},"2":{"start":{"line":6,"column":0},"end":{"line":6,"column":13}},"3":{"start":{"line":7,"column":9},"end":{"line":10,"column":null}},"4":{"start":{"line":8,"column":4},"end":{"line":8,"column":30}},"5":{"start":{"line":9,"column":4},"end":{"line":9,"column":72}},"6":{"start":{"line":11,"column":0},"end":{"line":11,"column":null}},"7":{"start":{"line":6,"column":13},"end":{"line":6,"column":25}}},"fnMap":{"0":{"name":"(anonymous_0)","decl":{"start":{"line":6,"column":0},"end":{"line":6,"column":13}},"loc":{"start":{"line":6,"column":0},"end":{"line":11,"column":null}}},"1":{"name":"(anonymous_2)","decl":{"start":{"line":7,"column":2},"end":{"line":7,"column":9}},"loc":{"start":{"line":7,"column":44},"end":{"line":10,"column":3}}}},"branchMap":{},"s":{"0":1,"1":1,"2":1,"3":1,"4":1,"5":1,"6":1,"7":1},"f":{"0":1,"1":1},"b":{}}
,"C:\\Users\\prina\\Temp\\caseStudyAPI\\src\\helper\\Logger.ts": {"path":"C:\\Users\\prina\\Temp\\caseStudyAPI\\src\\helper\\Logger.ts","statementMap":{"0":{"start":{"line":1,"column":0},"end":{"line":1,"column":35}},"1":{"start":{"line":2,"column":0},"end":{"line":2,"column":20}},"2":{"start":{"line":3,"column":0},"end":{"line":3,"column":24}},"3":{"start":{"line":5,"column":15},"end":{"line":5,"column":49}},"4":{"start":{"line":6,"column":0},"end":{"line":8,"column":1}},"5":{"start":{"line":7,"column":2},"end":{"line":7,"column":44}},"6":{"start":{"line":9,"column":0},"end":{"line":9,"column":13}},"7":{"start":{"line":33,"column":9},"end":{"line":35,"column":null}},"8":{"start":{"line":34,"column":4},"end":{"line":34,"column":38}},"9":{"start":{"line":36,"column":9},"end":{"line":38,"column":null}},"10":{"start":{"line":37,"column":4},"end":{"line":37,"column":39}},"11":{"start":{"line":39,"column":9},"end":{"line":41,"column":null}},"12":{"start":{"line":40,"column":4},"end":{"line":40,"column":38}},"13":{"start":{"line":42,"column":9},"end":{"line":44,"column":null}},"14":{"start":{"line":43,"column":4},"end":{"line":43,"column":39}},"15":{"start":{"line":45,"column":9},"end":{"line":47,"column":null}},"16":{"start":{"line":46,"column":4},"end":{"line":46,"column":41}},"17":{"start":{"line":10,"column":17},"end":{"line":32,"column":5}},"18":{"start":{"line":48,"column":0},"end":{"line":48,"column":null}},"19":{"start":{"line":9,"column":13},"end":{"line":9,"column":19}}},"fnMap":{"0":{"name":"(anonymous_10)","decl":{"start":{"line":9,"column":0},"end":{"line":9,"column":13}},"loc":{"start":{"line":9,"column":0},"end":{"line":9,"column":13}}},"1":{"name":"(anonymous_12)","decl":{"start":{"line":33,"column":2},"end":{"line":33,"column":9}},"loc":{"start":{"line":33,"column":41},"end":{"line":35,"column":3}}},"2":{"name":"(anonymous_13)","decl":{"start":{"line":36,"column":2},"end":{"line":36,"column":9}},"loc":{"start":{"line":36,"column":42},"end":{"line":38,"column":3}}},"3":{"name":"(anonymous_14)","decl":{"start":{"line":39,"column":2},"end":{"line":39,"column":9}},"loc":{"start":{"line":39,"column":41},"end":{"line":41,"column":3}}},"4":{"name":"(anonymous_15)","decl":{"start":{"line":42,"column":2},"end":{"line":42,"column":9}},"loc":{"start":{"line":42,"column":42},"end":{"line":44,"column":3}}},"5":{"name":"(anonymous_16)","decl":{"start":{"line":45,"column":2},"end":{"line":45,"column":9}},"loc":{"start":{"line":45,"column":42},"end":{"line":47,"column":3}}}},"branchMap":{"0":{"loc":{"start":{"line":6,"column":0},"end":{"line":8,"column":1}},"type":"if","locations":[{"start":{"line":6,"column":0},"end":{"line":8,"column":1}}]},"1":{"loc":{"start":{"line":11,"column":11},"end":{"line":11,"column":67}},"type":"cond-expr","locations":[{"start":{"line":11,"column":51},"end":{"line":11,"column":57}},{"start":{"line":11,"column":60},"end":{"line":11,"column":67}}]}},"s":{"0":6,"1":6,"2":6,"3":6,"4":6,"5":0,"6":6,"7":6,"8":1,"9":6,"10":1,"11":6,"12":1,"13":6,"14":1,"15":6,"16":1,"17":6,"18":6,"19":6},"f":{"0":6,"1":1,"2":1,"3":1,"4":1,"5":1},"b":{"0":[0],"1":[0,6]}}
,"C:\\Users\\prina\\Temp\\caseStudyAPI\\src\\helper\\PasswordHandler.ts": {"path":"C:\\Users\\prina\\Temp\\caseStudyAPI\\src\\helper\\PasswordHandler.ts","statementMap":{"0":{"start":{"line":1,"column":0},"end":{"line":1,"column":66}},"1":{"start":{"line":3,"column":0},"end":{"line":3,"column":13}},"2":{"start":{"line":8,"column":9},"end":{"line":18,"column":null}},"3":{"start":{"line":9,"column":17},"end":{"line":9,"column":71}},"4":{"start":{"line":11,"column":27},"end":{"line":15,"column":21}},"5":{"start":{"line":17,"column":4},"end":{"line":17,"column":36}},"6":{"start":{"line":20,"column":9},"end":{"line":34,"column":null}},"7":{"start":{"line":25,"column":26},"end":{"line":29,"column":21}},"8":{"start":{"line":30,"column":4},"end":{"line":33,"column":6}},"9":{"start":{"line":4,"column":26},"end":{"line":4,"column":52}},"10":{"start":{"line":5,"column":26},"end":{"line":5,"column":51}},"11":{"start":{"line":6,"column":26},"end":{"line":6,"column":63}},"12":{"start":{"line":35,"column":0},"end":{"line":35,"column":null}},"13":{"start":{"line":3,"column":13},"end":{"line":3,"column":28}}},"fnMap":{"0":{"name":"(anonymous_0)","decl":{"start":{"line":3,"column":0},"end":{"line":3,"column":13}},"loc":{"start":{"line":3,"column":0},"end":{"line":3,"column":13}}},"1":{"name":"(anonymous_2)","decl":{"start":{"line":8,"column":2},"end":{"line":8,"column":9}},"loc":{"start":{"line":8,"column":38},"end":{"line":18,"column":3}}},"2":{"name":"(anonymous_3)","decl":{"start":{"line":20,"column":2},"end":{"line":20,"column":9}},"loc":{"start":{"line":23,"column":16},"end":{"line":34,"column":3}}}},"branchMap":{},"s":{"0":7,"1":7,"2":7,"3":2,"4":2,"5":2,"6":7,"7":1,"8":1,"9":7,"10":7,"11":7,"12":7,"13":7},"f":{"0":7,"1":2,"2":1},"b":{}}
,"C:\\Users\\prina\\Temp\\caseStudyAPI\\src\\helper\\ResponseHandler.ts": {"path":"C:\\Users\\prina\\Temp\\caseStudyAPI\\src\\helper\\ResponseHandler.ts","statementMap":{"0":{"start":{"line":2,"column":0},"end":{"line":2,"column":34}},"1":{"start":{"line":3,"column":0},"end":{"line":3,"column":48}},"2":{"start":{"line":4,"column":0},"end":{"line":4,"column":13}},"3":{"start":{"line":5,"column":16},"end":{"line":22,"column":null}},"4":{"start":{"line":8,"column":4},"end":{"line":8,"column":41}},"5":{"start":{"line":11,"column":22},"end":{"line":11,"column":46}},"6":{"start":{"line":12,"column":4},"end":{"line":12,"column":56}},"7":{"start":{"line":13,"column":26},"end":{"line":20,"column":6}},"8":{"start":{"line":21,"column":4},"end":{"line":21,"column":54}},"9":{"start":{"line":23,"column":16},"end":{"line":34,"column":null}},"10":{"start":{"line":25,"column":4},"end":{"line":25,"column":null}},"11":{"start":{"line":26,"column":4},"end":{"line":26,"column":null}},"12":{"start":{"line":29,"column":28},"end":{"line":32,"column":6}},"13":{"start":{"line":33,"column":4},"end":{"line":33,"column":56}},"14":{"start":{"line":35,"column":0},"end":{"line":35,"column":null}},"15":{"start":{"line":4,"column":13},"end":{"line":4,"column":28}}},"fnMap":{"0":{"name":"(anonymous_0)","decl":{"start":{"line":4,"column":0},"end":{"line":4,"column":13}},"loc":{"start":{"line":4,"column":0},"end":{"line":35,"column":null}}}},"branchMap":{"0":{"loc":{"start":{"line":8,"column":4},"end":{"line":8,"column":41}},"type":"if","locations":[{"start":{"line":8,"column":4},"end":{"line":8,"column":41}}]},"1":{"loc":{"start":{"line":25,"column":4},"end":{"line":25,"column":null}},"type":"if","locations":[{"start":{"line":25,"column":4},"end":{"line":25,"column":null}}]},"2":{"loc":{"start":{"line":26,"column":4},"end":{"line":26,"column":null}},"type":"if","locations":[{"start":{"line":26,"column":4},"end":{"line":26,"column":null}}]}},"s":{"0":5,"1":5,"2":5,"3":5,"4":3,"5":2,"6":2,"7":2,"8":2,"9":5,"10":4,"11":5,"12":3,"13":3,"14":5,"15":5},"f":{"0":5},"b":{"0":[1],"1":[1],"2":[2]}}
,"C:\\Users\\prina\\Temp\\caseStudyAPI\\src\\routes\\LeaveRouter.ts": {"path":"C:\\Users\\prina\\Temp\\caseStudyAPI\\src\\routes\\LeaveRouter.ts","statementMap":{"0":{"start":{"line":5,"column":0},"end":{"line":5,"column":13}},"1":{"start":{"line":6,"column":9},"end":{"line":6,"column":29}},"2":{"start":{"line":7,"column":9},"end":{"line":7,"column":33}},"3":{"start":{"line":8,"column":9},"end":{"line":8,"column":29}},"4":{"start":{"line":14,"column":4},"end":{"line":14,"column":25}},"5":{"start":{"line":15,"column":4},"end":{"line":15,"column":43}},"6":{"start":{"line":16,"column":4},"end":{"line":16,"column":21}},"7":{"start":{"line":18,"column":9},"end":{"line":20,"column":null}},"8":{"start":{"line":19,"column":4},"end":{"line":19,"column":23}},"9":{"start":{"line":21,"column":10},"end":{"line":34,"column":null}},"10":{"start":{"line":23,"column":4},"end":{"line":23,"column":54}},"11":{"start":{"line":24,"column":4},"end":{"line":24,"column":58}},"12":{"start":{"line":27,"column":4},"end":{"line":27,"column":55}},"13":{"start":{"line":30,"column":4},"end":{"line":30,"column":60}},"14":{"start":{"line":33,"column":4},"end":{"line":33,"column":56}},"15":{"start":{"line":35,"column":0},"end":{"line":35,"column":null}},"16":{"start":{"line":5,"column":13},"end":{"line":5,"column":24}}},"fnMap":{"0":{"name":"(anonymous_0)","decl":{"start":{"line":5,"column":0},"end":{"line":5,"column":13}},"loc":{"start":{"line":5,"column":0},"end":{"line":35,"column":null}}},"1":{"name":"LeaveRouter","decl":{"start":{"line":13,"column":2},"end":{"line":13,"column":14}},"loc":{"start":{"line":13,"column":62},"end":{"line":17,"column":3}}},"2":{"name":"(anonymous_2)","decl":{"start":{"line":18,"column":2},"end":{"line":18,"column":9}},"loc":{"start":{"line":18,"column":2},"end":{"line":20,"column":3}}},"3":{"name":"(anonymous_3)","decl":{"start":{"line":21,"column":2},"end":{"line":21,"column":10}},"loc":{"start":{"line":21,"column":2},"end":{"line":34,"column":3}}}},"branchMap":{},"s":{"0":1,"1":1,"2":1,"3":1,"4":1,"5":1,"6":1,"7":1,"8":1,"9":1,"10":1,"11":1,"12":1,"13":1,"14":1,"15":1,"16":1},"f":{"0":1,"1":1,"2":1,"3":1},"b":{}}
,"C:\\Users\\prina\\Temp\\caseStudyAPI\\src\\routes\\LoginRouter.ts": {"path":"C:\\Users\\prina\\Temp\\caseStudyAPI\\src\\routes\\LoginRouter.ts","statementMap":{"0":{"start":{"line":5,"column":0},"end":{"line":5,"column":13}},"1":{"start":{"line":11,"column":12},"end":{"line":11,"column":26}},"2":{"start":{"line":12,"column":12},"end":{"line":12,"column":45}},"3":{"start":{"line":6,"column":9},"end":{"line":6,"column":29}},"4":{"start":{"line":7,"column":9},"end":{"line":7,"column":33}},"5":{"start":{"line":8,"column":9},"end":{"line":8,"column":30}},"6":{"start":{"line":14,"column":4},"end":{"line":14,"column":21}},"7":{"start":{"line":17,"column":9},"end":{"line":19,"column":null}},"8":{"start":{"line":18,"column":4},"end":{"line":18,"column":23}},"9":{"start":{"line":20,"column":10},"end":{"line":22,"column":null}},"10":{"start":{"line":21,"column":4},"end":{"line":21,"column":54}},"11":{"start":{"line":23,"column":0},"end":{"line":23,"column":null}},"12":{"start":{"line":5,"column":13},"end":{"line":5,"column":24}}},"fnMap":{"0":{"name":"(anonymous_0)","decl":{"start":{"line":5,"column":0},"end":{"line":5,"column":13}},"loc":{"start":{"line":5,"column":0},"end":{"line":23,"column":null}}},"1":{"name":"LoginRouter","decl":{"start":{"line":10,"column":2},"end":{"line":10,"column":null}},"loc":{"start":{"line":12,"column":45},"end":{"line":15,"column":3}}},"2":{"name":"(anonymous_2)","decl":{"start":{"line":17,"column":2},"end":{"line":17,"column":9}},"loc":{"start":{"line":17,"column":2},"end":{"line":19,"column":3}}},"3":{"name":"(anonymous_3)","decl":{"start":{"line":20,"column":2},"end":{"line":20,"column":10}},"loc":{"start":{"line":20,"column":2},"end":{"line":22,"column":3}}}},"branchMap":{},"s":{"0":1,"1":1,"2":1,"3":1,"4":1,"5":1,"6":1,"7":1,"8":1,"9":1,"10":1,"11":1,"12":1},"f":{"0":1,"1":1,"2":1,"3":1},"b":{}}
,"C:\\Users\\prina\\Temp\\caseStudyAPI\\src\\routes\\RoleRouter.ts": {"path":"C:\\Users\\prina\\Temp\\caseStudyAPI\\src\\routes\\RoleRouter.ts","statementMap":{"0":{"start":{"line":5,"column":0},"end":{"line":5,"column":13}},"1":{"start":{"line":11,"column":12},"end":{"line":11,"column":26}},"2":{"start":{"line":12,"column":12},"end":{"line":12,"column":45}},"3":{"start":{"line":6,"column":9},"end":{"line":6,"column":29}},"4":{"start":{"line":7,"column":9},"end":{"line":7,"column":33}},"5":{"start":{"line":8,"column":9},"end":{"line":8,"column":29}},"6":{"start":{"line":14,"column":4},"end":{"line":14,"column":21}},"7":{"start":{"line":16,"column":9},"end":{"line":18,"column":null}},"8":{"start":{"line":17,"column":4},"end":{"line":17,"column":23}},"9":{"start":{"line":19,"column":10},"end":{"line":32,"column":null}},"10":{"start":{"line":21,"column":4},"end":{"line":21,"column":53}},"11":{"start":{"line":22,"column":4},"end":{"line":22,"column":57}},"12":{"start":{"line":25,"column":4},"end":{"line":25,"column":54}},"13":{"start":{"line":28,"column":4},"end":{"line":28,"column":59}},"14":{"start":{"line":31,"column":4},"end":{"line":31,"column":55}},"15":{"start":{"line":33,"column":0},"end":{"line":33,"column":null}},"16":{"start":{"line":5,"column":13},"end":{"line":5,"column":23}}},"fnMap":{"0":{"name":"(anonymous_0)","decl":{"start":{"line":5,"column":0},"end":{"line":5,"column":13}},"loc":{"start":{"line":5,"column":0},"end":{"line":33,"column":null}}},"1":{"name":"RoleRouter","decl":{"start":{"line":10,"column":2},"end":{"line":10,"column":null}},"loc":{"start":{"line":12,"column":45},"end":{"line":15,"column":3}}},"2":{"name":"(anonymous_2)","decl":{"start":{"line":16,"column":2},"end":{"line":16,"column":9}},"loc":{"start":{"line":16,"column":2},"end":{"line":18,"column":3}}},"3":{"name":"(anonymous_3)","decl":{"start":{"line":19,"column":2},"end":{"line":19,"column":10}},"loc":{"start":{"line":19,"column":2},"end":{"line":32,"column":3}}}},"branchMap":{},"s":{"0":1,"1":1,"2":1,"3":1,"4":1,"5":1,"6":1,"7":1,"8":1,"9":1,"10":1,"11":1,"12":1,"13":1,"14":1,"15":1,"16":1},"f":{"0":1,"1":1,"2":1,"3":1},"b":{}}
,"C:\\Users\\prina\\Temp\\caseStudyAPI\\src\\routes\\StaffLeaveRouter.ts": {"path":"C:\\Users\\prina\\Temp\\caseStudyAPI\\src\\routes\\StaffLeaveRouter.ts","statementMap":{"0":{"start":{"line":5,"column":0},"end":{"line":5,"column":13}},"1":{"start":{"line":6,"column":9},"end":{"line":6,"column":29}},"2":{"start":{"line":7,"column":9},"end":{"line":7,"column":39}},"3":{"start":{"line":8,"column":9},"end":{"line":8,"column":29}},"4":{"start":{"line":14,"column":4},"end":{"line":14,"column":25}},"5":{"start":{"line":15,"column":4},"end":{"line":15,"column":53}},"6":{"start":{"line":16,"column":4},"end":{"line":16,"column":21}},"7":{"start":{"line":18,"column":9},"end":{"line":20,"column":null}},"8":{"start":{"line":19,"column":4},"end":{"line":19,"column":23}},"9":{"start":{"line":21,"column":10},"end":{"line":34,"column":null}},"10":{"start":{"line":23,"column":4},"end":{"line":23,"column":59}},"11":{"start":{"line":24,"column":4},"end":{"line":24,"column":63}},"12":{"start":{"line":27,"column":4},"end":{"line":27,"column":60}},"13":{"start":{"line":30,"column":4},"end":{"line":30,"column":65}},"14":{"start":{"line":33,"column":4},"end":{"line":33,"column":61}},"15":{"start":{"line":35,"column":0},"end":{"line":35,"column":null}},"16":{"start":{"line":5,"column":13},"end":{"line":5,"column":29}}},"fnMap":{"0":{"name":"(anonymous_0)","decl":{"start":{"line":5,"column":0},"end":{"line":5,"column":13}},"loc":{"start":{"line":5,"column":0},"end":{"line":35,"column":null}}},"1":{"name":"StaffLeaveRouter","decl":{"start":{"line":13,"column":2},"end":{"line":13,"column":14}},"loc":{"start":{"line":13,"column":72},"end":{"line":17,"column":3}}},"2":{"name":"(anonymous_2)","decl":{"start":{"line":18,"column":2},"end":{"line":18,"column":9}},"loc":{"start":{"line":18,"column":2},"end":{"line":20,"column":3}}},"3":{"name":"(anonymous_3)","decl":{"start":{"line":21,"column":2},"end":{"line":21,"column":10}},"loc":{"start":{"line":21,"column":2},"end":{"line":34,"column":3}}}},"branchMap":{},"s":{"0":1,"1":1,"2":1,"3":1,"4":1,"5":1,"6":1,"7":1,"8":1,"9":1,"10":1,"11":1,"12":1,"13":1,"14":1,"15":1,"16":1},"f":{"0":1,"1":1,"2":1,"3":1},"b":{}}
,"C:\\Users\\prina\\Temp\\caseStudyAPI\\src\\routes\\UserRouter.ts": {"path":"C:\\Users\\prina\\Temp\\caseStudyAPI\\src\\routes\\UserRouter.ts","statementMap":{"0":{"start":{"line":7,"column":0},"end":{"line":7,"column":13}},"1":{"start":{"line":13,"column":12},"end":{"line":13,"column":26}},"2":{"start":{"line":14,"column":12},"end":{"line":14,"column":50}},"3":{"start":{"line":8,"column":9},"end":{"line":8,"column":29}},"4":{"start":{"line":9,"column":9},"end":{"line":9,"column":33}},"5":{"start":{"line":10,"column":9},"end":{"line":10,"column":29}},"6":{"start":{"line":16,"column":4},"end":{"line":16,"column":21}},"7":{"start":{"line":19,"column":9},"end":{"line":21,"column":null}},"8":{"start":{"line":20,"column":4},"end":{"line":20,"column":23}},"9":{"start":{"line":23,"column":10},"end":{"line":38,"column":null}},"10":{"start":{"line":25,"column":4},"end":{"line":25,"column":53}},"11":{"start":{"line":26,"column":4},"end":{"line":26,"column":76}},"12":{"start":{"line":27,"column":4},"end":{"line":27,"column":57}},"13":{"start":{"line":30,"column":4},"end":{"line":30,"column":54}},"14":{"start":{"line":31,"column":4},"end":{"line":31,"column":67}},"15":{"start":{"line":34,"column":4},"end":{"line":34,"column":59}},"16":{"start":{"line":37,"column":4},"end":{"line":37,"column":55}},"17":{"start":{"line":39,"column":0},"end":{"line":39,"column":null}},"18":{"start":{"line":7,"column":13},"end":{"line":7,"column":23}}},"fnMap":{"0":{"name":"(anonymous_0)","decl":{"start":{"line":7,"column":0},"end":{"line":7,"column":13}},"loc":{"start":{"line":7,"column":0},"end":{"line":39,"column":null}}},"1":{"name":"UserRouter","decl":{"start":{"line":12,"column":2},"end":{"line":12,"column":null}},"loc":{"start":{"line":14,"column":50},"end":{"line":17,"column":3}}},"2":{"name":"(anonymous_2)","decl":{"start":{"line":19,"column":2},"end":{"line":19,"column":9}},"loc":{"start":{"line":19,"column":2},"end":{"line":21,"column":3}}},"3":{"name":"(anonymous_3)","decl":{"start":{"line":23,"column":2},"end":{"line":23,"column":10}},"loc":{"start":{"line":23,"column":2},"end":{"line":38,"column":3}}}},"branchMap":{},"s":{"0":1,"1":1,"2":1,"3":1,"4":1,"5":1,"6":1,"7":1,"8":1,"9":1,"10":1,"11":1,"12":1,"13":1,"14":1,"15":1,"16":1,"17":1,"18":1},"f":{"0":1,"1":1,"2":1,"3":1},"b":{}}
}
