TN:
SF:src\data-source.ts
FNF:0
FNH:0
DA:1,3
DA:2,3
DA:3,3
DA:4,3
DA:5,3
DA:6,3
DA:8,3
DA:9,3
DA:11,3
LF:9
LH:9
BRDA:8,0,0,3
BRDA:8,0,1,0
BRF:2
BRH:1
end_of_record
TN:
SF:src\controllers\LeaveController.ts
FN:11,(anonymous_13)
FN:22,LeaveController
FN:27,(anonymous_15)
FN:44,(anonymous_16)
FN:44,(anonymous_17)
FN:87,(anonymous_19)
FN:87,(anonymous_20)
FN:134,(anonymous_22)
FN:134,(anonymous_23)
FN:146,(anonymous_25)
FN:146,(anonymous_26)
FN:220,(anonymous_28)
FN:220,(anonymous_29)
FNF:13
FNH:6
FNDA:1,(anonymous_13)
FNDA:3,LeaveController
FNDA:0,(anonymous_15)
FNDA:2,(anonymous_16)
FNDA:2,(anonymous_17)
FNDA:0,(anonymous_19)
FNDA:0,(anonymous_20)
FNDA:1,(anonymous_22)
FNDA:1,(anonymous_23)
FNDA:0,(anonymous_25)
FNDA:0,(anonymous_26)
FNDA:0,(anonymous_28)
FNDA:0,(anonymous_29)
DA:2,1
DA:3,1
DA:5,1
DA:6,1
DA:7,1
DA:8,1
DA:11,1
DA:12,1
DA:13,1
DA:15,1
DA:16,1
DA:22,3
DA:23,3
DA:24,3
DA:27,3
DA:28,0
DA:29,0
DA:31,0
DA:32,0
DA:33,0
DA:35,0
DA:44,3
DA:45,2
DA:46,2
DA:51,2
DA:53,2
DA:56,0
DA:58,0
DA:64,0
DA:69,0
DA:73,2
DA:74,1
DA:79,1
DA:83,1
DA:87,3
DA:88,0
DA:89,0
DA:95,0
DA:96,0
DA:97,0
DA:103,0
DA:107,0
DA:109,0
DA:110,0
DA:112,0
DA:113,0
DA:119,0
DA:120,0
DA:123,0
DA:125,0
DA:134,3
DA:136,1
DA:142,1
DA:146,3
DA:148,0
DA:149,0
DA:152,0
DA:153,0
DA:158,0
DA:162,0
DA:166,0
DA:167,0
DA:172,0
DA:176,0
DA:179,0
DA:180,0
DA:185,0
DA:189,0
DA:190,0
DA:191,0
DA:192,0
DA:193,0
DA:194,0
DA:195,0
DA:198,0
DA:199,0
DA:202,0
DA:205,0
DA:212,0
DA:220,3
DA:221,0
DA:222,0
DA:223,0
DA:227,0
DA:232,0
DA:233,0
DA:238,0
DA:240,0
DA:246,0
DA:247,0
DA:249,0
DA:250,0
DA:251,0
DA:255,0
DA:261,1
LF:95
LH:31
BRDA:32,0,0,0
BRDA:32,0,1,0
BRDA:51,1,0,0
BRDA:56,2,0,0
BRDA:73,3,0,1
BRDA:73,4,0,2
BRDA:73,4,1,2
BRDA:103,5,0,0
BRDA:103,5,1,0
BRDA:104,6,0,0
BRDA:104,6,1,0
BRDA:105,7,0,0
BRDA:105,7,1,0
BRDA:105,8,0,0
BRDA:105,8,1,0
BRDA:112,9,0,0
BRDA:136,10,0,1
BRDA:152,11,0,0
BRDA:152,12,0,0
BRDA:152,12,1,0
BRDA:152,12,2,0
BRDA:166,13,0,0
BRDA:179,14,0,0
BRDA:193,15,0,0
BRDA:193,15,1,0
BRDA:194,16,0,0
BRDA:194,16,1,0
BRDA:222,17,0,0
BRDA:232,18,0,0
BRDA:250,19,0,0
BRF:30
BRH:4
end_of_record
TN:
SF:src\controllers\RoleController.ts
FN:11,(anonymous_13)
FN:27,RoleController
FN:32,(anonymous_15)
FN:32,(anonymous_16)
FN:44,(anonymous_18)
FN:44,(anonymous_19)
FN:69,(anonymous_21)
FN:69,(anonymous_22)
FN:77,(anonymous_24)
FN:88,(anonymous_25)
FN:88,(anonymous_26)
FN:102,(anonymous_28)
FN:102,(anonymous_29)
FN:118,(anonymous_31)
FN:15,(anonymous_32)
FNF:15
FNH:15
FNDA:1,(anonymous_13)
FNDA:19,RoleController
FNDA:3,(anonymous_15)
FNDA:3,(anonymous_16)
FNDA:4,(anonymous_18)
FNDA:4,(anonymous_19)
FNDA:4,(anonymous_21)
FNDA:4,(anonymous_22)
FNDA:3,(anonymous_24)
FNDA:3,(anonymous_25)
FNDA:3,(anonymous_26)
FNDA:5,(anonymous_28)
FNDA:5,(anonymous_29)
FNDA:1,(anonymous_31)
FNDA:2,(anonymous_32)
DA:2,1
DA:3,1
DA:5,1
DA:6,1
DA:7,1
DA:8,1
DA:11,1
DA:12,1
DA:13,1
DA:14,1
DA:15,1
DA:16,2
DA:17,1
DA:18,1
DA:20,1
DA:22,1
DA:27,19
DA:28,19
DA:32,19
DA:33,3
DA:35,2
DA:36,1
DA:37,1
DA:40,1
DA:44,19
DA:45,4
DA:47,4
DA:48,1
DA:53,1
DA:56,3
DA:57,2
DA:58,1
DA:63,1
DA:66,1
DA:69,19
DA:70,4
DA:72,4
DA:73,4
DA:74,4
DA:75,3
DA:77,3
DA:84,1
DA:85,1
DA:88,19
DA:89,3
DA:91,3
DA:92,1
DA:94,2
DA:95,2
DA:96,1
DA:99,1
DA:102,19
DA:103,5
DA:105,5
DA:106,1
DA:108,4
DA:109,4
DA:110,2
DA:113,2
DA:114,2
DA:115,2
DA:116,1
DA:118,1
DA:123,1
DA:125,1
DA:127,1
LF:66
LH:66
BRDA:33,0,0,3
BRDA:35,1,0,1
BRDA:47,2,0,1
BRDA:57,3,0,1
BRDA:74,4,0,3
BRDA:77,5,0,3
BRDA:77,5,1,0
BRDA:91,6,0,1
BRDA:95,7,0,1
BRDA:105,8,0,1
BRDA:109,9,0,2
BRDA:115,10,0,1
BRDA:118,11,0,1
BRDA:118,11,1,0
BRF:14
BRH:12
end_of_record
TN:
SF:src\controllers\StaffLeaveController.ts
FN:11,(anonymous_13)
FN:33,StaffLeaveController
FN:38,(anonymous_15)
FN:55,(anonymous_16)
FN:55,(anonymous_17)
FN:66,(anonymous_19)
FN:66,(anonymous_20)
FN:93,(anonymous_22)
FN:93,(anonymous_23)
FN:162,(anonymous_25)
FN:162,(anonymous_26)
FN:215,(anonymous_28)
FN:215,(anonymous_29)
FN:151,(anonymous_31)
FN:20,(anonymous_32)
FN:23,(anonymous_33)
FNF:16
FNH:12
FNDA:1,(anonymous_13)
FNDA:8,StaffLeaveController
FNDA:1,(anonymous_15)
FNDA:1,(anonymous_16)
FNDA:1,(anonymous_17)
FNDA:3,(anonymous_19)
FNDA:3,(anonymous_20)
FNDA:3,(anonymous_22)
FNDA:3,(anonymous_23)
FNDA:0,(anonymous_25)
FNDA:0,(anonymous_26)
FNDA:1,(anonymous_28)
FNDA:1,(anonymous_29)
FNDA:2,(anonymous_31)
FNDA:0,(anonymous_32)
FNDA:0,(anonymous_33)
DA:2,1
DA:3,1
DA:5,1
DA:6,1
DA:8,1
DA:11,1
DA:12,1
DA:13,1
DA:14,1
DA:16,1
DA:18,1
DA:20,1
DA:21,0
DA:22,1
DA:23,1
DA:24,0
DA:25,1
DA:27,1
DA:33,8
DA:34,8
DA:35,8
DA:38,8
DA:39,1
DA:40,1
DA:42,1
DA:43,1
DA:44,1
DA:46,0
DA:55,8
DA:57,1
DA:63,1
DA:66,8
DA:67,3
DA:68,3
DA:69,2
DA:74,2
DA:77,1
DA:80,1
DA:81,0
DA:86,0
DA:89,1
DA:93,8
DA:94,3
DA:97,3
DA:101,3
DA:102,1
DA:107,1
DA:111,2
DA:113,2
DA:115,3
DA:117,1
DA:121,1
DA:125,1
DA:126,1
DA:129,1
DA:132,1
DA:133,1
DA:134,2
DA:136,1
DA:137,2
DA:139,1
DA:142,1
DA:151,1
DA:152,2
DA:153,2
DA:154,2
DA:162,8
DA:163,0
DA:166,0
DA:167,0
DA:170,0
DA:171,0
DA:172,0
DA:174,0
DA:175,0
DA:179,0
DA:180,0
DA:183,0
DA:189,0
DA:192,0
DA:193,0
DA:198,0
DA:202,0
DA:204,0
DA:206,0
DA:208,0
DA:215,8
DA:216,1
DA:217,1
DA:218,0
DA:223,0
DA:228,1
DA:233,0
DA:238,0
DA:241,1
DA:242,0
DA:247,0
DA:250,1
DA:255,1
DA:257,0
DA:260,1
DA:261,2
DA:263,1
DA:264,1
DA:265,0
DA:270,0
DA:273,1
DA:279,1
LF:108
LH:75
BRDA:43,0,0,1
BRDA:43,0,1,0
BRDA:57,1,0,1
BRDA:68,2,0,2
BRDA:80,3,0,0
BRDA:101,4,0,1
BRDA:112,5,0,2
BRDA:112,5,1,2
BRDA:113,6,0,2
BRDA:113,6,1,2
BRDA:115,7,0,1
BRDA:115,8,0,2
BRDA:115,8,1,1
BRDA:122,9,0,1
BRDA:122,9,1,0
BRDA:123,10,0,1
BRDA:123,10,1,0
BRDA:125,11,0,1
BRDA:126,12,0,1
BRDA:174,13,0,0
BRDA:179,14,0,0
BRDA:192,15,0,0
BRDA:217,16,0,0
BRDA:241,17,0,0
BRDA:255,18,0,0
BRDA:255,19,0,1
BRDA:255,19,1,1
BRDA:264,20,0,0
BRDA:264,21,0,1
BRDA:264,21,1,1
BRF:30
BRH:19
end_of_record
TN:
SF:src\controllers\UserController.ts
FN:13,(anonymous_13)
FN:24,UserController
FN:39,(anonymous_15)
FN:39,(anonymous_16)
FN:51,(anonymous_18)
FN:51,(anonymous_19)
FN:79,(anonymous_21)
FN:79,(anonymous_22)
FN:106,(anonymous_24)
FN:106,(anonymous_25)
FN:134,(anonymous_27)
FN:155,(anonymous_28)
FN:155,(anonymous_29)
FN:176,(anonymous_31)
FN:176,(anonymous_32)
FN:229,(anonymous_34)
FN:248,(anonymous_35)
FN:248,(anonymous_36)
FN:30,(anonymous_38)
FN:17,(anonymous_41)
FNF:20
FNH:12
FNDA:1,(anonymous_13)
FNDA:16,UserController
FNDA:3,(anonymous_15)
FNDA:3,(anonymous_16)
FNDA:0,(anonymous_18)
FNDA:0,(anonymous_19)
FNDA:0,(anonymous_21)
FNDA:0,(anonymous_22)
FNDA:5,(anonymous_24)
FNDA:5,(anonymous_25)
FNDA:3,(anonymous_27)
FNDA:4,(anonymous_28)
FNDA:4,(anonymous_29)
FNDA:4,(anonymous_31)
FNDA:4,(anonymous_32)
FNDA:1,(anonymous_34)
FNDA:0,(anonymous_35)
FNDA:0,(anonymous_36)
FNDA:0,(anonymous_38)
FNDA:0,(anonymous_41)
DA:2,1
DA:3,1
DA:5,1
DA:6,1
DA:7,1
DA:8,1
DA:9,1
DA:10,1
DA:13,1
DA:14,1
DA:15,1
DA:16,1
DA:17,1
DA:18,0
DA:19,1
DA:24,16
DA:25,16
DA:26,16
DA:30,1
DA:31,0
DA:32,0
DA:34,0
DA:35,0
DA:39,16
DA:40,3
DA:44,2
DA:45,1
DA:48,2
DA:51,16
DA:52,0
DA:54,0
DA:55,0
DA:60,0
DA:63,0
DA:67,0
DA:68,0
DA:73,0
DA:76,0
DA:79,16
DA:80,0
DA:81,0
DA:82,0
DA:87,0
DA:90,0
DA:94,0
DA:95,0
DA:100,0
DA:103,0
DA:106,16
DA:107,5
DA:110,5
DA:112,5
DA:113,5
DA:114,5
DA:115,5
DA:118,5
DA:119,0
DA:122,5
DA:123,0
DA:126,5
DA:127,0
DA:130,5
DA:131,5
DA:133,3
DA:134,3
DA:138,3
DA:139,1
DA:141,1
DA:148,2
DA:155,16
DA:156,4
DA:157,4
DA:158,1
DA:161,4
DA:162,2
DA:163,2
DA:164,1
DA:167,1
DA:173,2
DA:176,16
DA:177,4
DA:179,4
DA:180,1
DA:183,3
DA:191,3
DA:192,0
DA:196,3
DA:197,2
DA:200,6
DA:201,0
DA:204,0
DA:205,0
DA:208,6
DA:209,0
DA:212,0
DA:213,0
DA:216,3
DA:217,0
DA:220,3
DA:221,0
DA:224,3
DA:225,3
DA:227,1
DA:229,1
DA:235,3
DA:236,1
DA:238,1
DA:245,2
DA:248,16
DA:249,0
DA:250,0
DA:253,0
DA:254,0
DA:259,0
DA:261,0
DA:262,0
DA:263,0
DA:265,0
DA:272,1
LF:119
LH:75
BRDA:40,0,0,3
BRDA:44,1,0,1
BRDA:54,2,0,0
BRDA:54,3,0,0
BRDA:54,3,1,0
BRDA:67,4,0,0
BRDA:81,5,0,0
BRDA:94,6,0,0
BRDA:118,7,0,0
BRDA:122,8,0,0
BRDA:126,9,0,0
BRDA:131,10,0,3
BRDA:134,11,0,3
BRDA:134,11,1,0
BRDA:138,12,0,1
BRDA:157,13,0,1
BRDA:161,14,0,1
BRDA:163,15,0,1
BRDA:179,16,0,1
BRDA:191,17,0,0
BRDA:196,18,0,2
BRDA:200,19,0,3
BRDA:204,20,0,0
BRDA:208,21,0,3
BRDA:212,22,0,0
BRDA:216,23,0,0
BRDA:220,24,0,0
BRDA:225,25,0,1
BRDA:229,26,0,1
BRDA:229,26,1,0
BRDA:235,27,0,1
BRDA:249,28,0,0
BRDA:253,29,0,0
BRDA:31,30,0,0
BRDA:32,31,0,0
BRF:35
BRH:15
end_of_record
TN:
SF:src\entity\LeaveRequest.ts
FN:13,(anonymous_2)
FN:17,(anonymous_4)
FNF:2
FNH:1
FNDA:12,(anonymous_2)
FNDA:0,(anonymous_4)
DA:1,5
DA:9,5
DA:10,5
DA:13,5
DA:15,5
DA:17,0
DA:19,5
DA:23,5
DA:27,5
DA:30,5
DA:40,5
DA:43,5
DA:46,5
DA:54,5
DA:55,5
LF:15
LH:14
BRF:0
BRH:0
end_of_record
TN:
SF:src\entity\Role.ts
FN:5,(anonymous_2)
FNF:1
FNH:1
FNDA:73,(anonymous_2)
DA:1,7
DA:2,7
DA:5,7
DA:7,7
DA:13,7
DA:14,7
LF:6
LH:6
BRF:0
BRH:0
end_of_record
TN:
SF:src\entity\User.ts
FN:22,(anonymous_2)
FN:68,(anonymous_4)
FN:80,(anonymous_5)
FN:48,(anonymous_6)
FN:52,(anonymous_7)
FNF:5
FNH:1
FNDA:69,(anonymous_2)
FNDA:0,(anonymous_4)
FNDA:0,(anonymous_5)
FNDA:0,(anonymous_6)
FNDA:0,(anonymous_7)
DA:1,6
DA:8,6
DA:17,6
DA:18,6
DA:19,6
DA:22,6
DA:24,6
DA:28,6
DA:32,6
DA:38,6
DA:42,6
DA:46,6
DA:48,0
DA:50,6
DA:52,0
DA:53,6
DA:59,6
DA:65,6
DA:68,12
DA:69,0
DA:70,0
DA:72,0
DA:75,0
DA:76,0
DA:80,12
DA:81,0
DA:82,0
DA:85,6
LF:28
LH:19
BRDA:69,0,0,0
BRDA:81,1,0,0
BRDA:81,2,0,0
BRDA:81,2,1,0
BRDA:82,3,0,0
BRDA:82,3,1,0
BRDA:82,4,0,0
BRDA:82,4,1,0
BRF:8
BRH:0
end_of_record
TN:
SF:src\helper\AppError.ts
FN:3,(anonymous_6)
FN:5,AppError
FNF:2
FNH:2
FNDA:3,(anonymous_6)
FNDA:18,AppError
DA:1,3
DA:3,3
DA:7,35
DA:9,18
DA:10,18
DA:11,18
DA:13,3
LF:7
LH:7
BRDA:7,0,0,17
BRDA:9,1,0,18
BRDA:9,1,1,0
BRF:3
BRH:2
end_of_record
TN:
SF:src\helper\ErrorHandler.ts
FN:6,(anonymous_0)
FN:7,(anonymous_2)
FNF:2
FNH:2
FNDA:1,(anonymous_0)
FNDA:1,(anonymous_2)
DA:2,1
DA:3,1
DA:6,1
DA:7,1
DA:8,1
DA:9,1
DA:11,1
LF:7
LH:7
BRF:0
BRH:0
end_of_record
TN:
SF:src\helper\Logger.ts
FN:2,(anonymous_9)
FN:19,(anonymous_11)
FN:22,(anonymous_12)
FN:25,(anonymous_13)
FN:28,(anonymous_14)
FN:31,(anonymous_15)
FNF:6
FNH:6
FNDA:6,(anonymous_9)
FNDA:1,(anonymous_11)
FNDA:1,(anonymous_12)
FNDA:1,(anonymous_13)
FNDA:1,(anonymous_14)
FNDA:1,(anonymous_15)
DA:1,6
DA:2,6
DA:3,6
DA:19,6
DA:20,1
DA:22,6
DA:23,1
DA:25,6
DA:26,1
DA:28,6
DA:29,1
DA:31,6
DA:32,1
DA:34,6
LF:14
LH:14
BRDA:4,0,0,0
BRDA:4,0,1,6
BRF:2
BRH:1
end_of_record
TN:
SF:src\helper\PasswordHandler.ts
FN:3,(anonymous_0)
FN:8,(anonymous_2)
FN:20,(anonymous_3)
FNF:3
FNH:3
FNDA:7,(anonymous_0)
FNDA:2,(anonymous_2)
FNDA:1,(anonymous_3)
DA:1,7
DA:3,7
DA:4,7
DA:5,7
DA:6,7
DA:8,7
DA:9,2
DA:11,2
DA:17,2
DA:20,7
DA:25,1
DA:30,1
DA:35,7
LF:13
LH:13
BRF:0
BRH:0
end_of_record
TN:
SF:src\helper\ResponseHandler.ts
FN:4,(anonymous_0)
FNF:1
FNH:1
FNDA:5,(anonymous_0)
DA:2,5
DA:3,5
DA:4,5
DA:5,5
DA:8,3
DA:11,2
DA:12,2
DA:13,2
DA:21,2
DA:23,5
DA:25,4
DA:26,5
DA:29,3
DA:33,3
DA:35,5
LF:15
LH:15
BRDA:8,0,0,1
BRDA:25,1,0,1
BRDA:26,2,0,2
BRF:3
BRH:3
end_of_record
TN:
SF:src\routes\LeaveRouter.ts
FN:5,(anonymous_0)
FN:13,LeaveRouter
FN:18,(anonymous_2)
FN:21,(anonymous_3)
FNF:4
FNH:4
FNDA:1,(anonymous_0)
FNDA:1,LeaveRouter
FNDA:1,(anonymous_2)
FNDA:1,(anonymous_3)
DA:5,1
DA:6,1
DA:7,1
DA:8,1
DA:14,1
DA:15,1
DA:16,1
DA:18,1
DA:19,1
DA:21,1
DA:23,1
DA:24,1
DA:27,1
DA:30,1
DA:33,1
DA:35,1
LF:16
LH:16
BRF:0
BRH:0
end_of_record
TN:
SF:src\routes\LoginRouter.ts
FN:5,(anonymous_0)
FN:10,LoginRouter
FN:17,(anonymous_2)
FN:20,(anonymous_3)
FNF:4
FNH:4
FNDA:1,(anonymous_0)
FNDA:1,LoginRouter
FNDA:1,(anonymous_2)
FNDA:1,(anonymous_3)
DA:5,1
DA:6,1
DA:7,1
DA:8,1
DA:11,1
DA:12,1
DA:14,1
DA:17,1
DA:18,1
DA:20,1
DA:21,1
DA:23,1
LF:12
LH:12
BRF:0
BRH:0
end_of_record
TN:
SF:src\routes\RoleRouter.ts
FN:5,(anonymous_0)
FN:10,RoleRouter
FN:16,(anonymous_2)
FN:19,(anonymous_3)
FNF:4
FNH:4
FNDA:1,(anonymous_0)
FNDA:1,RoleRouter
FNDA:1,(anonymous_2)
FNDA:1,(anonymous_3)
DA:5,1
DA:6,1
DA:7,1
DA:8,1
DA:11,1
DA:12,1
DA:14,1
DA:16,1
DA:17,1
DA:19,1
DA:21,1
DA:22,1
DA:25,1
DA:28,1
DA:31,1
DA:33,1
LF:16
LH:16
BRF:0
BRH:0
end_of_record
TN:
SF:src\routes\StaffLeaveRouter.ts
FN:5,(anonymous_0)
FN:13,StaffLeaveRouter
FN:18,(anonymous_2)
FN:21,(anonymous_3)
FNF:4
FNH:4
FNDA:1,(anonymous_0)
FNDA:1,StaffLeaveRouter
FNDA:1,(anonymous_2)
FNDA:1,(anonymous_3)
DA:5,1
DA:6,1
DA:7,1
DA:8,1
DA:14,1
DA:15,1
DA:16,1
DA:18,1
DA:19,1
DA:21,1
DA:23,1
DA:24,1
DA:27,1
DA:30,1
DA:33,1
DA:35,1
LF:16
LH:16
BRF:0
BRH:0
end_of_record
TN:
SF:src\routes\UserRouter.ts
FN:7,(anonymous_0)
FN:12,UserRouter
FN:19,(anonymous_2)
FN:23,(anonymous_3)
FNF:4
FNH:4
FNDA:1,(anonymous_0)
FNDA:1,UserRouter
FNDA:1,(anonymous_2)
FNDA:1,(anonymous_3)
DA:7,1
DA:8,1
DA:9,1
DA:10,1
DA:13,1
DA:14,1
DA:16,1
DA:19,1
DA:20,1
DA:23,1
DA:25,1
DA:26,1
DA:27,1
DA:30,1
DA:31,1
DA:34,1
DA:37,1
DA:39,1
LF:18
LH:18
BRF:0
BRH:0
end_of_record
